PLINK v2.00a3 AVX2 (25 Feb 2020)
Options in effect:
  --glm
  --out ../code/gwas
  --pfile ../output/Simulate_Genotypes/4PopSplit/M1/C1/genos-gwas_common
  --pheno ../code/Degug/phenos.txt
  --pheno-name phenos

Hostname: Jennifers-MacBook-Pro.local
Working directory: /Users/jenniferblanc/polygenic_adaptation_stratification/analysis
Start time: Tue May 18 14:38:35 2021

Random number seed: 1621366715
8192 MiB RAM detected; reserving 4096 MiB for main workspace.
Using up to 8 compute threads.
200 samples (0 females, 0 males, 200 ambiguous; 200 founders) loaded from
../output/Simulate_Genotypes/4PopSplit/M1/C1/genos-gwas_common.psam.
28070 variants loaded from
../output/Simulate_Genotypes/4PopSplit/M1/C1/genos-gwas_common.pvar.
1 quantitative phenotype loaded (200 values).
Calculating allele frequencies... done.
--glm linear regression on phenotype 'phenos': done.
Results written to ../code/gwas.phenos.glm.linear .

End time: Tue May 18 14:38:35 2021
