Building DAG of jobs...
Using shell: /bin/bash
Provided cores: 1
Rules claiming more threads will be scaled down.
Job counts:
	count	jobs
	1	aggregate_phenotypes
	2	draw_effect_sizes
	2	generate_genetic_values
	2	simulatate_phenotype_4PopSplit
	7

[Wed Jan 20 13:49:22 2021]
rule draw_effect_sizes:
    input: output/Simulate_Genotypes/4PopSplit/V1/C1/genos-gwas_common.afreq
    output: output/Simulate_Phenotypes/4PopSplit/V1/C1/genos-gwas_common.effects.txt
    jobid: 7
    wildcards: model=4PopSplit, rep=V1, config=C1

[Wed Jan 20 13:49:23 2021]
Finished job 7.
1 of 7 steps (14%) done

[Wed Jan 20 13:49:23 2021]
rule generate_genetic_values:
    input: output/Simulate_Genotypes/4PopSplit/V1/C1/genos-gwas_common.psam, output/Simulate_Genotypes/4PopSplit/V1/C1/genos-gwas_common.pvar, output/Simulate_Genotypes/4PopSplit/V1/C1/genos-gwas_common.pgen, output/Simulate_Phenotypes/4PopSplit/V1/C1/genos-gwas_common.effects.txt
    output: output/Simulate_Phenotypes/4PopSplit/V1/C1/genos-gwas_common.gvalue.sscore
    jobid: 3
    wildcards: model=4PopSplit, rep=V1, config=C1

[Wed Jan 20 13:49:23 2021]
Error in rule generate_genetic_values:
    jobid: 3
    output: output/Simulate_Phenotypes/4PopSplit/V1/C1/genos-gwas_common.gvalue.sscore
    shell:
        plink2 	      --pfile output/Simulate_Genotypes/4PopSplit/V1/C1/genos-gwas_common 	      --out output/Simulate_Phenotypes/4PopSplit/V1/C1/genos-gwas_common.gvalue 	      --score output/Simulate_Phenotypes/4PopSplit/V1/C1/genos-gwas_common.effects.txt cols=dosagesum,scoresums

Shutting down, this might take some time.
Exiting because a job execution failed. Look above for error message
Complete log: /Users/jenniferblanc/polygenic_adaptation_stratification/.snakemake/log/2021-01-20T134922.090375.snakemake.log
