Building DAG of jobs...
Using shell: /bin/bash
Provided cores: 1
Rules claiming more threads will be scaled down.
Job counts:
	count	jobs
	1	split_into_test_gwas
	1

[Thu Jan  7 18:10:46 2021]
rule split_into_test_gwas:
    input: output/Simulate_Genotypes/4PopSplit/V1/C2/ids.gwas, output/Simulate_Genotypes/4PopSplit/V1/C2/ids.test
    output: output/Simulate_Genotypes/4PopSplit/V1/C2/genos-test.psam, output/Simulate_Genotypes/4PopSplit/V1/C2/genos-test.pgen, output/Simulate_Genotypes/4PopSplit/V1/C2/genos-test.pvar, output/Simulate_Genotypes/4PopSplit/V1/C2/genos-gwas.psam, output/Simulate_Genotypes/4PopSplit/V1/C2/genos-gwas.pgen, output/Simulate_Genotypes/4PopSplit/V1/C2/genos-gwas.pvar
    jobid: 0
    wildcards: model=4PopSplit, rep=V1, config=C2

[Thu Jan  7 18:10:46 2021]
Error in rule split_into_test_gwas:
    jobid: 0
    output: output/Simulate_Genotypes/4PopSplit/V1/C2/genos-test.psam, output/Simulate_Genotypes/4PopSplit/V1/C2/genos-test.pgen, output/Simulate_Genotypes/4PopSplit/V1/C2/genos-test.pvar, output/Simulate_Genotypes/4PopSplit/V1/C2/genos-gwas.psam, output/Simulate_Genotypes/4PopSplit/V1/C2/genos-gwas.pgen, output/Simulate_Genotypes/4PopSplit/V1/C2/genos-gwas.pvar
    shell:
        
	~/infer_mutational_bias/code/plink2 	--keep output/Simulate_Genotypes/4PopSplit/V1/C2/ids.gwas 	--make-pgen 	--out output/Simulate_Genotypes/4PopSplit/V1/C2/genos-gwas 	--pfile output/Simulate_Genotypes/4PopSplit/V1/genos 	--rm-dup exclude-all

        ~/infer_mutational_bias/code/plink2         --keep output/Simulate_Genotypes/4PopSplit/V1/C2/ids.test         --make-pgen         --out output/Simulate_Genotypes/4PopSplit/V1/C2/genos-test         --pfile output/Simulate_Genotypes/4PopSplit/V1/genos 	--rm-dup exclude-all
	

Removing output files of failed job split_into_test_gwas since they might be corrupted:
output/Simulate_Genotypes/4PopSplit/V1/C2/genos-gwas.psam, output/Simulate_Genotypes/4PopSplit/V1/C2/genos-gwas.pgen, output/Simulate_Genotypes/4PopSplit/V1/C2/genos-gwas.pvar
Shutting down, this might take some time.
Exiting because a job execution failed. Look above for error message
Complete log: /Users/jenniferblanc/polygenic_adaptation_stratification/.snakemake/log/2021-01-07T181046.164519.snakemake.log
