Building DAG of jobs...
Using shell: /bin/bash
Provided cores: 1 (use --cores to define parallelism)
Rules claiming more threads will be scaled down.
Job counts:
	count	jobs
	1	aggregate_prs
	2	calc_prs
	2	calc_true_gv
	2	common_snp_freq
	1	concat_vcfs
	1	convert_vcf_to_plink
	1	create_panels_4PopSplit
	2	draw_effect_sizes
	20	format_VCF
	2	generate_genetic_values
	2	get_common_snp_list
	2	get_variant_freq
	2	gwas_no_correction
	2	pick_SNPS
	2	remake_panels_with_common_snps
	2	simulatate_phenotype_4PopSplit
	1	simulate_genotypes_4popsplit
	2	split_into_test_gwas
	2	test_snp_freq
	51

[Wed Jan 27 14:54:25 2021]
rule simulate_genotypes_4popsplit:
    output: output/Simulate_Genotypes/4PopSplit/V1/genos_0.vcf, output/Simulate_Genotypes/4PopSplit/V1/genos_1.vcf, output/Simulate_Genotypes/4PopSplit/V1/genos_2.vcf, output/Simulate_Genotypes/4PopSplit/V1/genos_3.vcf, output/Simulate_Genotypes/4PopSplit/V1/genos_4.vcf, output/Simulate_Genotypes/4PopSplit/V1/genos_5.vcf, output/Simulate_Genotypes/4PopSplit/V1/genos_6.vcf, output/Simulate_Genotypes/4PopSplit/V1/genos_7.vcf, output/Simulate_Genotypes/4PopSplit/V1/genos_8.vcf, output/Simulate_Genotypes/4PopSplit/V1/genos_9.vcf, output/Simulate_Genotypes/4PopSplit/V1/genos_10.vcf, output/Simulate_Genotypes/4PopSplit/V1/genos_11.vcf, output/Simulate_Genotypes/4PopSplit/V1/genos_12.vcf, output/Simulate_Genotypes/4PopSplit/V1/genos_13.vcf, output/Simulate_Genotypes/4PopSplit/V1/genos_14.vcf, output/Simulate_Genotypes/4PopSplit/V1/genos_15.vcf, output/Simulate_Genotypes/4PopSplit/V1/genos_16.vcf, output/Simulate_Genotypes/4PopSplit/V1/genos_17.vcf, output/Simulate_Genotypes/4PopSplit/V1/genos_18.vcf, output/Simulate_Genotypes/4PopSplit/V1/genos_19.vcf, output/Simulate_Genotypes/4PopSplit/V1/genos.pop
    jobid: 27
    wildcards: rep=V1

Waiting at most 5 seconds for missing files.
MissingOutputException in line 9 of /project2/jjberg/jgblanc/polygenic_adaptation_stratification/snakefile:
Job completed successfully, but some output files are missing. Missing files after 5 seconds:
output/Simulate_Genotypes/4PopSplit/V1/genos_2.vcf
output/Simulate_Genotypes/4PopSplit/V1/genos_3.vcf
output/Simulate_Genotypes/4PopSplit/V1/genos_4.vcf
output/Simulate_Genotypes/4PopSplit/V1/genos_5.vcf
output/Simulate_Genotypes/4PopSplit/V1/genos_6.vcf
output/Simulate_Genotypes/4PopSplit/V1/genos_7.vcf
output/Simulate_Genotypes/4PopSplit/V1/genos_8.vcf
output/Simulate_Genotypes/4PopSplit/V1/genos_9.vcf
output/Simulate_Genotypes/4PopSplit/V1/genos_10.vcf
output/Simulate_Genotypes/4PopSplit/V1/genos_11.vcf
output/Simulate_Genotypes/4PopSplit/V1/genos_12.vcf
output/Simulate_Genotypes/4PopSplit/V1/genos_13.vcf
output/Simulate_Genotypes/4PopSplit/V1/genos_14.vcf
output/Simulate_Genotypes/4PopSplit/V1/genos_15.vcf
output/Simulate_Genotypes/4PopSplit/V1/genos_16.vcf
output/Simulate_Genotypes/4PopSplit/V1/genos_17.vcf
output/Simulate_Genotypes/4PopSplit/V1/genos_18.vcf
output/Simulate_Genotypes/4PopSplit/V1/genos_19.vcf
This might be due to filesystem latency. If that is the case, consider to increase the wait time with --latency-wait.
  File "/home/jgblanc/.local/lib/python3.7/site-packages/snakemake/executors/__init__.py", line 544, in handle_job_success
  File "/home/jgblanc/.local/lib/python3.7/site-packages/snakemake/executors/__init__.py", line 231, in handle_job_success
Removing output files of failed job simulate_genotypes_4popsplit since they might be corrupted:
output/Simulate_Genotypes/4PopSplit/V1/genos_0.vcf, output/Simulate_Genotypes/4PopSplit/V1/genos_1.vcf, output/Simulate_Genotypes/4PopSplit/V1/genos.pop
Shutting down, this might take some time.
Exiting because a job execution failed. Look above for error message
Complete log: /project2/jjberg/jgblanc/polygenic_adaptation_stratification/.snakemake/log/2021-01-27T145424.975444.snakemake.log
