Building DAG of jobs...
Using shell: /bin/bash
Provided cores: 1 (use --cores to define parallelism)
Rules claiming more threads will be scaled down.
Job counts:
	count	jobs
	1	aggregate_genotypes
	2	common_snp_freq
	1	concat_vcfs
	1	convert_vcf_to_plink
	1	create_panels_4PopSplit
	1	format_VCF
	2	get_common_snp_list
	2	get_variant_freq
	2	remake_panels_with_common_snps
	2	split_into_test_gwas
	15

[Tue Jan 26 17:20:47 2021]
rule format_VCF:
    input: output/Simulate_Genotypes/4PopSplit/V1/genos_0.vcf
    output: output/Simulate_Genotypes/4PopSplit/V1/genos_0.ids.vcf.gz
    jobid: 15
    wildcards: model=4PopSplit, rep=V1, chr=0

[Tue Jan 26 17:20:48 2021]
Error in rule format_VCF:
    jobid: 15
    output: output/Simulate_Genotypes/4PopSplit/V1/genos_0.ids.vcf.gz
    shell:
        
	      head -n6 output/Simulate_Genotypes/4PopSplit/V1/genos_0.vcf > output/Simulate_Genotypes/4PopSplit/V1/header_0.txt
	      cat output/Simulate_Genotypes/4PopSplit/V1/header_0.txt <(cat output/Simulate_Genotypes/4PopSplit/V1/genos_0.vcf | awk -v OFS="	" 'NR>6 {$3=$1"_"$2"_A_T";$4="A"; $5="T"; print ;}') | bgzip > output/Simulate_Genotypes/4PopSplit/V1/genos_0.ids.vcf.gz
	      #bcftools index output/Simulate_Genotypes/4PopSplit/V1/genos_0.ids.vcf.gz
	      rm output/Simulate_Genotypes/4PopSplit/V1/header_0.txt
	      
        (one of the commands exited with non-zero exit code; note that snakemake uses bash strict mode!)

Removing output files of failed job format_VCF since they might be corrupted:
output/Simulate_Genotypes/4PopSplit/V1/genos_0.ids.vcf.gz
Shutting down, this might take some time.
Exiting because a job execution failed. Look above for error message
Complete log: /project2/jjberg/jgblanc/polygenic_adaptation_stratification/.snakemake/log/2021-01-26T172047.628826.snakemake.log
