Building DAG of jobs...
Using shell: /bin/bash
Provided cores: 1
Rules claiming more threads will be scaled down.
Job counts:
	count	jobs
	1	convert_vcf_to_plink
	1	format_VCF
	1	simulate_genotypes_4popsplit
	3

[Thu Jan  7 11:48:53 2021]
rule simulate_genotypes_4popsplit:
    output: output/Simulate_Genotypes/4PopSplit/test.vcf, output/Simulate_Genotypes/4PopSplit/test.pop
    jobid: 2

[Thu Jan  7 11:48:56 2021]
Finished job 2.
1 of 3 steps (33%) done

[Thu Jan  7 11:48:56 2021]
rule format_VCF:
    input: output/Simulate_Genotypes/4PopSplit/test.vcf
    output: output/Simulate_Genotypes/4PopSplit/test.ids.vcf.gz
    jobid: 1

[Thu Jan  7 11:48:56 2021]
Finished job 1.
2 of 3 steps (67%) done

[Thu Jan  7 11:48:56 2021]
rule convert_vcf_to_plink:
    input: output/Simulate_Genotypes/4PopSplit/test.ids.vcf.gz
    output: output/Simulate_Genotypes/4PopSplit/test.psam, output/Simulate_Genotypes/4PopSplit/test.pgen, output/Simulate_Genotypes/4PopSplit/test.pvar
    jobid: 0

[Thu Jan  7 11:48:56 2021]
Finished job 0.
3 of 3 steps (100%) done
Complete log: /Users/jenniferblanc/polygenic_adaptation_stratification/.snakemake/log/2021-01-07T114853.593516.snakemake.log
