Building DAG of jobs...
Using shell: /bin/bash
Provided cores: 1
Rules claiming more threads will be scaled down.
Job counts:
	count	jobs
	1	aggregate_genotypes
	1	aggregate_gwas
	2	common_snp_freq
	1	concat_vcfs
	1	convert_vcf_to_plink
	1	create_panels_4PopSplit
	2	draw_effect_sizes
	2	format_VCF
	2	generate_genetic_values
	2	get_common_snp_list
	2	get_variant_freq
	2	gwas_no_correction
	2	remake_panels_with_common_snps
	2	run_PCA
	2	simulatate_phenotype_4PopSplit
	1	simulate_genotypes_4popsplit
	2	split_into_test_gwas
	28

[Sun Jan 31 14:20:54 2021]
rule simulate_genotypes_4popsplit:
    output: output/Simulate_Genotypes/4PopSplit/S1/genos_0.vcf, output/Simulate_Genotypes/4PopSplit/S1/genos_1.vcf, output/Simulate_Genotypes/4PopSplit/S1/genos.pop
    jobid: 14
    wildcards: rep=S1

Terminating processes on user request, this might take some time.
[Sun Jan 31 14:21:24 2021]
Error in rule simulate_genotypes_4popsplit:
    jobid: 14
    output: output/Simulate_Genotypes/4PopSplit/S1/genos_0.vcf, output/Simulate_Genotypes/4PopSplit/S1/genos_1.vcf, output/Simulate_Genotypes/4PopSplit/S1/genos.pop
    shell:
        python code/Simulate_Genotypes/generate_genotypes_4PopSplit.py 	       --outpre output/Simulate_Genotypes/4PopSplit/S1/genos 	       --chr 20 	       --Nanc 40000 	       -a 100 	       -b 100 	       -c 100 	       -d 100

Removing output files of failed job simulate_genotypes_4popsplit since they might be corrupted:
output/Simulate_Genotypes/4PopSplit/S1/genos_0.vcf, output/Simulate_Genotypes/4PopSplit/S1/genos_1.vcf
Complete log: /Users/jenniferblanc/polygenic_adaptation_stratification/.snakemake/log/2021-01-31T142054.278670.snakemake.log
