Building DAG of jobs...
Using shell: /bin/bash
Provided cores: 1
Rules claiming more threads will be scaled down.
Job counts:
	count	jobs
	1	concat_vcfs
	2	format_VCF
	1	simulate_genotypes_4popsplit
	4

[Wed Jan 20 10:48:09 2021]
rule simulate_genotypes_4popsplit:
    output: output/Simulate_Genotypes/4PopSplit/V1/genos_0.vcf, output/Simulate_Genotypes/4PopSplit/V1/genos_1.vcf, output/Simulate_Genotypes/4PopSplit/V1/genos.pop
    jobid: 3
    wildcards: model=4PopSplit, rep=V1

[Wed Jan 20 10:48:15 2021]
Finished job 3.
1 of 4 steps (25%) done

[Wed Jan 20 10:48:15 2021]
rule format_VCF:
    input: output/Simulate_Genotypes/4PopSplit/V1/genos_1.vcf
    output: output/Simulate_Genotypes/4PopSplit/V1/genos_1.ids.vcf.gz
    jobid: 2
    wildcards: model=4PopSplit, rep=V1, chr=1

Terminating processes on user request, this might take some time.
[Wed Jan 20 10:48:15 2021]
Error in rule format_VCF:
    jobid: 2
    output: output/Simulate_Genotypes/4PopSplit/V1/genos_1.ids.vcf.gz
    shell:
        
	      head -n6 output/Simulate_Genotypes/4PopSplit/V1/genos_1.vcf > output/Simulate_Genotypes/4PopSplit/V1/header_1.txt
	      cat output/Simulate_Genotypes/4PopSplit/V1/header_1.txt <(cat output/Simulate_Genotypes/4PopSplit/V1/genos_1.vcf | awk -v OFS="	" 'NR>6 {$3=$1"_"$2"_A_T";$4="A"; $5="T"; print ;}') | bgzip > output/Simulate_Genotypes/4PopSplit/V1/genos_1.ids.vcf.gz
	      #bcftools index output/Simulate_Genotypes/4PopSplit/V1/genos_1.ids.vcf.gz
	      rm output/Simulate_Genotypes/4PopSplit/V1/header_1.txt
	      

Removing output files of failed job format_VCF since they might be corrupted:
output/Simulate_Genotypes/4PopSplit/V1/genos_1.ids.vcf.gz
Complete log: /Users/jenniferblanc/polygenic_adaptation_stratification/.snakemake/log/2021-01-20T104809.934542.snakemake.log
