Building DAG of jobs...
Using shell: /bin/bash
Provided cores: 1
Rules claiming more threads will be scaled down.
Job counts:
	count	jobs
	1	all
	2	calc_prs
	2	calc_true_gv
	2	pick_SNPS
	2	test_snp_freq
	9

[Sun Jan 31 14:36:34 2021]
rule pick_SNPS:
    input: output/Simulate_Phenotypes/4PopSplit/S1/C1/genos-gwas_common.effects.txt, output/Run_GWAS/4PopSplit/S1/C1/genos-gwas_common.pheno_random.glm.linear, output/Run_GWAS/4PopSplit/S1/C1/genos-gwas_common.pheno_strat.glm.linear
    output: output/PRS/4PopSplit/S1/C1/genos-gwas_common.c.betas, output/PRS/4PopSplit/S1/C1/genos-gwas_common.c.p.betas, output/PRS/4PopSplit/S1/C1/genos-gwas_common.nc.betas
    jobid: 6
    wildcards: model=4PopSplit, rep=S1, config=C1

[Sun Jan 31 14:36:36 2021]
Finished job 6.
1 of 9 steps (11%) done

[Sun Jan 31 14:36:36 2021]
rule pick_SNPS:
    input: output/Simulate_Phenotypes/4PopSplit/S1/C2/genos-gwas_common.effects.txt, output/Run_GWAS/4PopSplit/S1/C2/genos-gwas_common.pheno_random.glm.linear, output/Run_GWAS/4PopSplit/S1/C2/genos-gwas_common.pheno_strat.glm.linear
    output: output/PRS/4PopSplit/S1/C2/genos-gwas_common.c.betas, output/PRS/4PopSplit/S1/C2/genos-gwas_common.c.p.betas, output/PRS/4PopSplit/S1/C2/genos-gwas_common.nc.betas
    jobid: 9
    wildcards: model=4PopSplit, rep=S1, config=C2

[Sun Jan 31 14:36:38 2021]
Finished job 9.
2 of 9 steps (22%) done

[Sun Jan 31 14:36:38 2021]
rule test_snp_freq:
    input: output/Simulate_Genotypes/4PopSplit/S1/C1/genos-test_common.psam, output/Simulate_Genotypes/4PopSplit/S1/C1/genos-test_common.pvar, output/Simulate_Genotypes/4PopSplit/S1/C1/genos-test_common.pgen
    output: output/Simulate_Genotypes/4PopSplit/S1/C1/genos-test_common.afreq
    jobid: 7
    wildcards: model=4PopSplit, rep=S1, config=C1

[Sun Jan 31 14:36:38 2021]
Finished job 7.
3 of 9 steps (33%) done

[Sun Jan 31 14:36:38 2021]
rule test_snp_freq:
    input: output/Simulate_Genotypes/4PopSplit/S1/C2/genos-test_common.psam, output/Simulate_Genotypes/4PopSplit/S1/C2/genos-test_common.pvar, output/Simulate_Genotypes/4PopSplit/S1/C2/genos-test_common.pgen
    output: output/Simulate_Genotypes/4PopSplit/S1/C2/genos-test_common.afreq
    jobid: 10
    wildcards: model=4PopSplit, rep=S1, config=C2

[Sun Jan 31 14:36:38 2021]
Finished job 10.
4 of 9 steps (44%) done

[Sun Jan 31 14:36:38 2021]
rule calc_prs:
    input: output/Simulate_Genotypes/4PopSplit/S1/C1/genos-test_common.psam, output/PRS/4PopSplit/S1/C1/genos-gwas_common.c.betas, output/PRS/4PopSplit/S1/C1/genos-gwas_common.c.p.betas, output/PRS/4PopSplit/S1/C1/genos-gwas_common.nc.betas, output/Simulate_Genotypes/4PopSplit/S1/C1/genos-test_common.afreq
    output: output/PRS/4PopSplit/S1/C1/genos-test_common.c.sscore, output/PRS/4PopSplit/S1/C1/genos-test_common.c.p.sscore, output/PRS/4PopSplit/S1/C1/genos-test_common.nc.sscore
    jobid: 1
    wildcards: model=4PopSplit, rep=S1, config=C1

[Sun Jan 31 14:36:38 2021]
Finished job 1.
5 of 9 steps (56%) done

[Sun Jan 31 14:36:38 2021]
rule calc_true_gv:
    input: output/Simulate_Genotypes/4PopSplit/S1/C1/genos-test_common.psam, output/Simulate_Phenotypes/4PopSplit/S1/C1/genos-gwas_common.effects.txt, output/Simulate_Genotypes/4PopSplit/S1/C1/genos-test_common.afreq
    output: output/PRS/4PopSplit/S1/C1/genos-test_common.true.sscore
    jobid: 3
    wildcards: model=4PopSplit, rep=S1, config=C1

[Sun Jan 31 14:36:38 2021]
Finished job 3.
6 of 9 steps (67%) done

[Sun Jan 31 14:36:38 2021]
rule calc_prs:
    input: output/Simulate_Genotypes/4PopSplit/S1/C2/genos-test_common.psam, output/PRS/4PopSplit/S1/C2/genos-gwas_common.c.betas, output/PRS/4PopSplit/S1/C2/genos-gwas_common.c.p.betas, output/PRS/4PopSplit/S1/C2/genos-gwas_common.nc.betas, output/Simulate_Genotypes/4PopSplit/S1/C2/genos-test_common.afreq
    output: output/PRS/4PopSplit/S1/C2/genos-test_common.c.sscore, output/PRS/4PopSplit/S1/C2/genos-test_common.c.p.sscore, output/PRS/4PopSplit/S1/C2/genos-test_common.nc.sscore
    jobid: 2
    wildcards: model=4PopSplit, rep=S1, config=C2

[Sun Jan 31 14:36:38 2021]
Finished job 2.
7 of 9 steps (78%) done

[Sun Jan 31 14:36:38 2021]
rule calc_true_gv:
    input: output/Simulate_Genotypes/4PopSplit/S1/C2/genos-test_common.psam, output/Simulate_Phenotypes/4PopSplit/S1/C2/genos-gwas_common.effects.txt, output/Simulate_Genotypes/4PopSplit/S1/C2/genos-test_common.afreq
    output: output/PRS/4PopSplit/S1/C2/genos-test_common.true.sscore
    jobid: 4
    wildcards: model=4PopSplit, rep=S1, config=C2

[Sun Jan 31 14:36:38 2021]
Finished job 4.
8 of 9 steps (89%) done

[Sun Jan 31 14:36:38 2021]
localrule all:
    input: output/PRS/4PopSplit/S1/C1/genos-test_common.c.p.sscore, output/PRS/4PopSplit/S1/C2/genos-test_common.c.p.sscore, output/PRS/4PopSplit/S1/C1/genos-test_common.true.sscore, output/PRS/4PopSplit/S1/C2/genos-test_common.true.sscore
    jobid: 0

[Sun Jan 31 14:36:38 2021]
Finished job 0.
9 of 9 steps (100%) done
Complete log: /Users/jenniferblanc/polygenic_adaptation_stratification/.snakemake/log/2021-01-31T143634.683661.snakemake.log
