Building DAG of jobs...
Using shell: /bin/bash
Provided cores: 1
Rules claiming more threads will be scaled down.
Job counts:
	count	jobs
	1	aggregate_prs
	2	calc_prs
	2	calc_true_gv
	1	draw_effect_sizes
	1	generate_genetic_values
	2	gwas_no_correction
	2	pick_SNPS
	2	simulatate_phenotype_4PopSplit
	13

[Fri Jan 22 12:32:35 2021]
rule draw_effect_sizes:
    input: output/Simulate_Genotypes/4PopSplit/V2/C2/genos-gwas_common.afreq
    output: output/Simulate_Phenotypes/4PopSplit/V2/C2/genos-gwas_common.effects.txt
    jobid: 10
    wildcards: model=4PopSplit, rep=V2, config=C2

[Fri Jan 22 12:32:38 2021]
Finished job 10.
1 of 13 steps (8%) done

[Fri Jan 22 12:32:38 2021]
rule generate_genetic_values:
    input: output/Simulate_Genotypes/4PopSplit/V2/C2/genos-gwas_common.psam, output/Simulate_Genotypes/4PopSplit/V2/C2/genos-gwas_common.pvar, output/Simulate_Genotypes/4PopSplit/V2/C2/genos-gwas_common.pgen, output/Simulate_Phenotypes/4PopSplit/V2/C2/genos-gwas_common.effects.txt
    output: output/Simulate_Phenotypes/4PopSplit/V2/C2/genos-gwas_common.gvalue.sscore
    jobid: 28
    wildcards: model=4PopSplit, rep=V2, config=C2

[Fri Jan 22 12:32:38 2021]
Finished job 28.
2 of 13 steps (15%) done

[Fri Jan 22 12:32:38 2021]
rule calc_true_gv:
    input: output/Simulate_Genotypes/4PopSplit/V2/C1/genos-test_common.psam, output/Simulate_Phenotypes/4PopSplit/V2/C1/genos-gwas_common.effects.txt
    output: output/PRS/4PopSplit/V2/C1/genos-test_common.true.sscore
    jobid: 3
    wildcards: model=4PopSplit, rep=V2, config=C1

[Fri Jan 22 12:32:38 2021]
Finished job 3.
3 of 13 steps (23%) done

[Fri Jan 22 12:32:38 2021]
rule calc_true_gv:
    input: output/Simulate_Genotypes/4PopSplit/V2/C2/genos-test_common.psam, output/Simulate_Phenotypes/4PopSplit/V2/C2/genos-gwas_common.effects.txt
    output: output/PRS/4PopSplit/V2/C2/genos-test_common.true.sscore
    jobid: 4
    wildcards: model=4PopSplit, rep=V2, config=C2

[Fri Jan 22 12:32:38 2021]
Finished job 4.
4 of 13 steps (31%) done

[Fri Jan 22 12:32:38 2021]
rule simulatate_phenotype_4PopSplit:
    input: output/Simulate_Phenotypes/4PopSplit/V2/C1/genos-gwas_common.gvalue.sscore, output/Simulate_Genotypes/4PopSplit/V2/genos.pop
    output: output/Simulate_Phenotypes/4PopSplit/V2/C1/genos-gwas_common.phenos.txt
    jobid: 22
    wildcards: model=4PopSplit, rep=V2, config=C1

[Fri Jan 22 12:32:39 2021]
Finished job 22.
5 of 13 steps (38%) done

[Fri Jan 22 12:32:39 2021]
rule gwas_no_correction:
    input: output/Simulate_Genotypes/4PopSplit/V2/C1/genos-gwas_common.psam, output/Simulate_Genotypes/4PopSplit/V2/C1/genos-gwas_common.afreq, output/Simulate_Phenotypes/4PopSplit/V2/C1/genos-gwas_common.phenos.txt
    output: output/Run_GWAS/4PopSplit/V2/C1/genos-gwas_common.pheno_random.glm.linear, output/Run_GWAS/4PopSplit/V2/C1/genos-gwas_common.pheno_strat.glm.linear
    jobid: 13
    wildcards: model=4PopSplit, rep=V2, config=C1

[Fri Jan 22 12:32:40 2021]
Finished job 13.
6 of 13 steps (46%) done

[Fri Jan 22 12:32:40 2021]
rule pick_SNPS:
    input: output/Simulate_Phenotypes/4PopSplit/V2/C1/genos-gwas_common.effects.txt, output/Run_GWAS/4PopSplit/V2/C1/genos-gwas_common.pheno_random.glm.linear, output/Run_GWAS/4PopSplit/V2/C1/genos-gwas_common.pheno_strat.glm.linear
    output: output/PRS/4PopSplit/V2/C1/genos-gwas_common.c.betas, output/PRS/4PopSplit/V2/C1/genos-gwas_common.c.p.betas, output/PRS/4PopSplit/V2/C1/genos-gwas_common.nc.betas
    jobid: 6
    wildcards: model=4PopSplit, rep=V2, config=C1

[Fri Jan 22 12:32:46 2021]
Finished job 6.
7 of 13 steps (54%) done

[Fri Jan 22 12:32:46 2021]
rule calc_prs:
    input: output/Simulate_Genotypes/4PopSplit/V2/C1/genos-test_common.psam, output/PRS/4PopSplit/V2/C1/genos-gwas_common.c.betas, output/PRS/4PopSplit/V2/C1/genos-gwas_common.c.p.betas, output/PRS/4PopSplit/V2/C1/genos-gwas_common.nc.betas
    output: output/PRS/4PopSplit/V2/C1/genos-test_common.c.sscore, output/PRS/4PopSplit/V2/C1/genos-test_common.c.p.sscore, output/PRS/4PopSplit/V2/C1/genos-test_common.nc.sscore
    jobid: 1
    wildcards: model=4PopSplit, rep=V2, config=C1

[Fri Jan 22 12:32:46 2021]
Finished job 1.
8 of 13 steps (62%) done

[Fri Jan 22 12:32:46 2021]
rule simulatate_phenotype_4PopSplit:
    input: output/Simulate_Phenotypes/4PopSplit/V2/C2/genos-gwas_common.gvalue.sscore, output/Simulate_Genotypes/4PopSplit/V2/genos.pop
    output: output/Simulate_Phenotypes/4PopSplit/V2/C2/genos-gwas_common.phenos.txt
    jobid: 24
    wildcards: model=4PopSplit, rep=V2, config=C2

[Fri Jan 22 12:32:47 2021]
Finished job 24.
9 of 13 steps (69%) done

[Fri Jan 22 12:32:47 2021]
rule gwas_no_correction:
    input: output/Simulate_Genotypes/4PopSplit/V2/C2/genos-gwas_common.psam, output/Simulate_Genotypes/4PopSplit/V2/C2/genos-gwas_common.afreq, output/Simulate_Phenotypes/4PopSplit/V2/C2/genos-gwas_common.phenos.txt
    output: output/Run_GWAS/4PopSplit/V2/C2/genos-gwas_common.pheno_random.glm.linear, output/Run_GWAS/4PopSplit/V2/C2/genos-gwas_common.pheno_strat.glm.linear
    jobid: 16
    wildcards: model=4PopSplit, rep=V2, config=C2

[Fri Jan 22 12:32:47 2021]
Finished job 16.
10 of 13 steps (77%) done

[Fri Jan 22 12:32:47 2021]
rule pick_SNPS:
    input: output/Simulate_Phenotypes/4PopSplit/V2/C2/genos-gwas_common.effects.txt, output/Run_GWAS/4PopSplit/V2/C2/genos-gwas_common.pheno_random.glm.linear, output/Run_GWAS/4PopSplit/V2/C2/genos-gwas_common.pheno_strat.glm.linear
    output: output/PRS/4PopSplit/V2/C2/genos-gwas_common.c.betas, output/PRS/4PopSplit/V2/C2/genos-gwas_common.c.p.betas, output/PRS/4PopSplit/V2/C2/genos-gwas_common.nc.betas
    jobid: 8
    wildcards: model=4PopSplit, rep=V2, config=C2

[Fri Jan 22 12:32:50 2021]
Finished job 8.
11 of 13 steps (85%) done

[Fri Jan 22 12:32:50 2021]
rule calc_prs:
    input: output/Simulate_Genotypes/4PopSplit/V2/C2/genos-test_common.psam, output/PRS/4PopSplit/V2/C2/genos-gwas_common.c.betas, output/PRS/4PopSplit/V2/C2/genos-gwas_common.c.p.betas, output/PRS/4PopSplit/V2/C2/genos-gwas_common.nc.betas
    output: output/PRS/4PopSplit/V2/C2/genos-test_common.c.sscore, output/PRS/4PopSplit/V2/C2/genos-test_common.c.p.sscore, output/PRS/4PopSplit/V2/C2/genos-test_common.nc.sscore
    jobid: 2
    wildcards: model=4PopSplit, rep=V2, config=C2

[Fri Jan 22 12:32:50 2021]
Finished job 2.
12 of 13 steps (92%) done

[Fri Jan 22 12:32:50 2021]
rule aggregate_prs:
    input: output/PRS/4PopSplit/V2/C1/genos-test_common.c.p.sscore, output/PRS/4PopSplit/V2/C2/genos-test_common.c.p.sscore, output/PRS/4PopSplit/V2/C1/genos-test_common.true.sscore, output/PRS/4PopSplit/V2/C2/genos-test_common.true.sscore
    jobid: 0

[Fri Jan 22 12:32:50 2021]
Finished job 0.
13 of 13 steps (100%) done
Complete log: /Users/jenniferblanc/polygenic_adaptation_stratification/.snakemake/log/2021-01-22T123235.455161.snakemake.log
