Building DAG of jobs...
Using shell: /bin/bash
Provided cores: 1
Rules claiming more threads will be scaled down.
Job counts:
	count	jobs
	1	get_common_snp_list
	1	get_variant_freq
	1	remake_panels_with_common_snps
	3

[Fri Jan  8 11:36:52 2021]
rule get_variant_freq:
    output: output/Simulate_Genotypes/4PopSplit/V1/C1/genos-test.afreq, output/Simulate_Genotypes/4PopSplit/V1/C1/genos-gwas.afreq
    jobid: 2
    wildcards: model=4PopSplit, rep=V1, config=C1

[Fri Jan  8 11:36:52 2021]
Error in rule get_variant_freq:
    jobid: 2
    output: output/Simulate_Genotypes/4PopSplit/V1/C1/genos-test.afreq, output/Simulate_Genotypes/4PopSplit/V1/C1/genos-gwas.afreq
    shell:
        
        ~/infer_mutational_bias/code/plink2 	--pfile output/Simulate_Genotypes/4PopSplit/V1/C1/genos-test 	--freq 	--out output/Simulate_Genotypes/4PopSplit/V1/C1/genos-test

	~/infer_mutational_bias/code/plink2         --pfile output/Simulate_Genotypes/4PopSplit/V1/C1/genos-gwas         --freq         --out output/Simulate_Genotypes/4PopSplit/V1/C1/genos-gwas
        

Shutting down, this might take some time.
Exiting because a job execution failed. Look above for error message
Complete log: /Users/jenniferblanc/polygenic_adaptation_stratification/.snakemake/log/2021-01-08T113652.331827.snakemake.log
