Building DAG of jobs...
Using shell: /bin/bash
Provided cores: 1
Rules claiming more threads will be scaled down.
Job counts:
	count	jobs
	1	concat_vcfs
	2	format_VCF
	1	simulate_genotypes_4popsplit
	4

[Tue Jan 19 18:15:59 2021]
rule simulate_genotypes_4popsplit:
    output: output/Simulate_Genotypes/4PopSplit/V1/genos_0.vcf, output/Simulate_Genotypes/4PopSplit/V1/genos_1.vcf, output/Simulate_Genotypes/4PopSplit/V1/genos.pop
    jobid: 3
    wildcards: model=4PopSplit, rep=V1

[Tue Jan 19 18:16:05 2021]
Finished job 3.
1 of 4 steps (25%) done

[Tue Jan 19 18:16:05 2021]
rule format_VCF:
    input: output/Simulate_Genotypes/4PopSplit/V1/genos_0.vcf
    output: output/Simulate_Genotypes/4PopSplit/V1/genos_0.ids.vcf.gz
    jobid: 1
    wildcards: model=4PopSplit, rep=V1, chr=0

Removing temporary output file output/Simulate_Genotypes/4PopSplit/V1/genos_0.vcf.
[Tue Jan 19 18:16:17 2021]
Finished job 1.
2 of 4 steps (50%) done

[Tue Jan 19 18:16:17 2021]
rule format_VCF:
    input: output/Simulate_Genotypes/4PopSplit/V1/genos_1.vcf
    output: output/Simulate_Genotypes/4PopSplit/V1/genos_1.ids.vcf.gz
    jobid: 2
    wildcards: model=4PopSplit, rep=V1, chr=1

Removing temporary output file output/Simulate_Genotypes/4PopSplit/V1/genos_1.vcf.
[Tue Jan 19 18:16:30 2021]
Finished job 2.
3 of 4 steps (75%) done

[Tue Jan 19 18:16:30 2021]
rule concat_vcfs:
    input: output/Simulate_Genotypes/4PopSplit/V1/genos_0.ids.vcf.gz, output/Simulate_Genotypes/4PopSplit/V1/genos_1.ids.vcf.gz
    output: output/Simulate_Genotypes/4PopSplit/V1/genos.ids.vcf.gz
    jobid: 0
    wildcards: model=4PopSplit, rep=V1

[Tue Jan 19 18:16:33 2021]
Finished job 0.
4 of 4 steps (100%) done
Complete log: /Users/jenniferblanc/polygenic_adaptation_stratification/.snakemake/log/2021-01-19T181559.625827.snakemake.log
