Building DAG of jobs...
Using shell: /bin/bash
Provided cluster nodes: 500
Job counts:
	count	jobs
	1	aggregate_prs
	2	calc_prs
	2	calc_true_gv
	2	common_snp_freq
	1	concat_vcfs
	1	convert_vcf_to_plink
	1	create_panels_4PopSplit
	2	draw_effect_sizes
	2	format_VCF
	2	generate_genetic_values
	2	get_common_snp_list
	2	get_variant_freq
	2	gwas_no_correction
	2	pick_SNPS
	2	remake_panels_with_common_snps
	2	simulatate_phenotype_4PopSplit
	2	split_into_test_gwas
	2	test_snp_freq
	32

[Wed Jan 27 17:25:46 2021]
rule create_panels_4PopSplit:
    input: output/Simulate_Genotypes/4PopSplit/V1/genos.pop
    output: output/Simulate_Genotypes/4PopSplit/V1/C1/ids.gwas, output/Simulate_Genotypes/4PopSplit/V1/C1/ids.test, output/Simulate_Genotypes/4PopSplit/V1/C2/ids.gwas, output/Simulate_Genotypes/4PopSplit/V1/C2/ids.test
    jobid: 22
    wildcards: model=4PopSplit, rep=V1

Submitted job 22 with external jobid 'Submitted batch job 8581456'.

[Wed Jan 27 17:25:49 2021]
rule format_VCF:
    input: output/Simulate_Genotypes/4PopSplit/V1/genos_0.vcf
    output: output/Simulate_Genotypes/4PopSplit/V1/genos_0.ids.vcf.gz
    jobid: 31
    wildcards: model=4PopSplit, rep=V1, chr=0


	      head -n6 output/Simulate_Genotypes/4PopSplit/V1/genos_0.vcf > output/Simulate_Genotypes/4PopSplit/V1/header_0.txt
	      cat output/Simulate_Genotypes/4PopSplit/V1/header_0.txt <(cat output/Simulate_Genotypes/4PopSplit/V1/genos_0.vcf | awk -v OFS="	" 'NR>6 {$3=$1"_"$2"_A_T";$4="A"; $5="T"; print ;}') | bgzip > output/Simulate_Genotypes/4PopSplit/V1/genos_0.ids.vcf.gz
	      #bcftools index output/Simulate_Genotypes/4PopSplit/V1/genos_0.ids.vcf.gz
	      rm output/Simulate_Genotypes/4PopSplit/V1/header_0.txt
	      
Submitted job 31 with external jobid 'Submitted batch job 8581457'.

[Wed Jan 27 17:25:51 2021]
rule format_VCF:
    input: output/Simulate_Genotypes/4PopSplit/V1/genos_1.vcf
    output: output/Simulate_Genotypes/4PopSplit/V1/genos_1.ids.vcf.gz
    jobid: 32
    wildcards: model=4PopSplit, rep=V1, chr=1


	      head -n6 output/Simulate_Genotypes/4PopSplit/V1/genos_1.vcf > output/Simulate_Genotypes/4PopSplit/V1/header_1.txt
	      cat output/Simulate_Genotypes/4PopSplit/V1/header_1.txt <(cat output/Simulate_Genotypes/4PopSplit/V1/genos_1.vcf | awk -v OFS="	" 'NR>6 {$3=$1"_"$2"_A_T";$4="A"; $5="T"; print ;}') | bgzip > output/Simulate_Genotypes/4PopSplit/V1/genos_1.ids.vcf.gz
	      #bcftools index output/Simulate_Genotypes/4PopSplit/V1/genos_1.ids.vcf.gz
	      rm output/Simulate_Genotypes/4PopSplit/V1/header_1.txt
	      
Submitted job 32 with external jobid 'Submitted batch job 8581458'.
