Building DAG of jobs...
Using shell: /bin/bash
Provided cluster nodes: 500
Job counts:
	count	jobs
	1	aggregate_prs
	2	calc_prs
	2	calc_true_gv
	2	common_snp_freq
	1	concat_vcfs
	1	convert_vcf_to_plink
	1	create_panels_4PopSplit
	2	draw_effect_sizes
	2	format_VCF
	2	generate_genetic_values
	2	get_common_snp_list
	2	get_variant_freq
	2	gwas_no_correction
	2	pick_SNPS
	2	remake_panels_with_common_snps
	2	simulatate_phenotype_4PopSplit
	1	simulate_genotypes_4popsplit
	2	split_into_test_gwas
	2	test_snp_freq
	33

[Wed Jan 27 17:23:08 2021]
rule simulate_genotypes_4popsplit:
    output: output/Simulate_Genotypes/4PopSplit/V1/genos_0.vcf, output/Simulate_Genotypes/4PopSplit/V1/genos_1.vcf, output/Simulate_Genotypes/4PopSplit/V1/genos.pop
    jobid: 27
    wildcards: rep=V1

python code/Simulate_Genotypes/generate_genotypes_4PopSplit.py 	       --outpre output/Simulate_Genotypes/4PopSplit/V1/genos 	       --chr 2 	       --Nanc 40000 	       -a 5000 	       -b 5000 	       -c 5000 	       -d 5000
Submitted job 27 with external jobid 'Submitted batch job 8581429'.
