Building DAG of jobs...
Using shell: /bin/bash
Provided cores: 1
Rules claiming more threads will be scaled down.
Job counts:
	count	jobs
	1	create_panels_4PopSplit
	1

[Thu Jan  7 14:01:56 2021]
rule create_panels_4PopSplit:
    input: output/Simulate_Genotypes/4PopSplit/test.pop
    output: output/Simulate_Genotypes/4PopSplit/test-c1.gwas, output/Simulate_Genotypes/4PopSplit/test-c1.test, output/Simulate_Genotypes/4PopSplit/test-c2.gwas, output/Simulate_Genotypes/4PopSplit/test-c2.test
    jobid: 0

[Thu Jan  7 14:01:57 2021]
Error in rule create_panels_4PopSplit:
    jobid: 0
    output: output/Simulate_Genotypes/4PopSplit/test-c1.gwas, output/Simulate_Genotypes/4PopSplit/test-c1.test, output/Simulate_Genotypes/4PopSplit/test-c2.gwas, output/Simulate_Genotypes/4PopSplit/test-c2.test

Shutting down, this might take some time.
Exiting because a job execution failed. Look above for error message
Complete log: /Users/jenniferblanc/polygenic_adaptation_stratification/.snakemake/log/2021-01-07T140156.732487.snakemake.log
