Building DAG of jobs...
Using shell: /bin/bash
Provided cores: 1 (use --cores to define parallelism)
Rules claiming more threads will be scaled down.
Job counts:
	count	jobs
	1	aggregate_genotypes
	2	common_snp_freq
	1	concat_vcfs
	1	convert_vcf_to_plink
	2	get_common_snp_list
	2	get_variant_freq
	2	remake_panels_with_common_snps
	2	split_into_test_gwas
	13

[Wed Jan 27 12:42:41 2021]
rule concat_vcfs:
    input: output/Simulate_Genotypes/4PopSplit/V1/genos_0.ids.vcf.gz
    output: output/Simulate_Genotypes/4PopSplit/V1/genos.ids.vcf.gz
    jobid: 14
    wildcards: model=4PopSplit, rep=V1

[Wed Jan 27 12:42:42 2021]
Error in rule concat_vcfs:
    jobid: 14
    output: output/Simulate_Genotypes/4PopSplit/V1/genos.ids.vcf.gz
    shell:
        bcftools concat output/Simulate_Genotypes/4PopSplit/V1/genos_0.ids.vcf.gz -o output/Simulate_Genotypes/4PopSplit/V1/genos.ids.vcf.gz -O z
        (one of the commands exited with non-zero exit code; note that snakemake uses bash strict mode!)

Shutting down, this might take some time.
Exiting because a job execution failed. Look above for error message
Complete log: /project2/jjberg/jgblanc/polygenic_adaptation_stratification/.snakemake/log/2021-01-27T124241.659637.snakemake.log
