Building DAG of jobs...
Using shell: /bin/bash
Provided cores: 1
Rules claiming more threads will be scaled down.
Job counts:
	count	jobs
	1	concat_vcfs
	2	format_VCF
	3

[Tue Jan 19 18:07:59 2021]
rule format_VCF:
    input: output/Simulate_Genotypes/4PopSplit/V1/genos_0.vcf
    output: output/Simulate_Genotypes/4PopSplit/V1/genos_0.ids.vcf.gz, output/Simulate_Genotypes/4PopSplit/V1/genos_0.ids.vcf.gz.csi
    jobid: 1
    wildcards: model=4PopSplit, rep=V1, chr=0

[Tue Jan 19 18:08:12 2021]
Finished job 1.
1 of 3 steps (33%) done

[Tue Jan 19 18:08:12 2021]
rule format_VCF:
    input: output/Simulate_Genotypes/4PopSplit/V1/genos_1.vcf
    output: output/Simulate_Genotypes/4PopSplit/V1/genos_1.ids.vcf.gz, output/Simulate_Genotypes/4PopSplit/V1/genos_1.ids.vcf.gz.csi
    jobid: 2
    wildcards: model=4PopSplit, rep=V1, chr=1

[Tue Jan 19 18:08:25 2021]
Finished job 2.
2 of 3 steps (67%) done

[Tue Jan 19 18:08:25 2021]
rule concat_vcfs:
    input: output/Simulate_Genotypes/4PopSplit/V1/genos_0.ids.vcf.gz, output/Simulate_Genotypes/4PopSplit/V1/genos_1.ids.vcf.gz
    output: output/Simulate_Genotypes/4PopSplit/V1/genos.ids.vcf.gz
    jobid: 0
    wildcards: model=4PopSplit, rep=V1

[Tue Jan 19 18:08:28 2021]
Finished job 0.
3 of 3 steps (100%) done
Complete log: /Users/jenniferblanc/polygenic_adaptation_stratification/.snakemake/log/2021-01-19T180759.787140.snakemake.log
