Building DAG of jobs...
Using shell: /bin/bash
Provided cores: 1
Rules claiming more threads will be scaled down.
Job counts:
	count	jobs
	1	calc_prs
	1	common_snp_freq
	1	create_panels_4PopSplit
	1	draw_effect_sizes
	1	generate_genetic_values
	1	get_common_snp_list
	1	get_variant_freq
	1	gwas_no_correction
	1	pick_SNPS
	1	remake_panels_with_common_snps
	1	simulatate_phenotype_4PopSplit
	1	split_into_test_gwas
	12

[Tue Jan 19 12:47:33 2021]
rule create_panels_4PopSplit:
    input: output/Simulate_Genotypes/4PopSplit/V1/genos.pop
    output: output/Simulate_Genotypes/4PopSplit/V1/C1/ids.gwas, output/Simulate_Genotypes/4PopSplit/V1/C1/ids.test, output/Simulate_Genotypes/4PopSplit/V1/C2/ids.gwas, output/Simulate_Genotypes/4PopSplit/V1/C2/ids.test
    jobid: 8
    wildcards: model=4PopSplit, rep=V1

[Tue Jan 19 12:47:34 2021]
Finished job 8.
1 of 12 steps (8%) done

[Tue Jan 19 12:47:34 2021]
rule split_into_test_gwas:
    input: output/Simulate_Genotypes/4PopSplit/V1/C1/ids.gwas, output/Simulate_Genotypes/4PopSplit/V1/C1/ids.test, output/Simulate_Genotypes/4PopSplit/V1/genos.psam
    output: output/Simulate_Genotypes/4PopSplit/V1/C1/genos-test.psam, output/Simulate_Genotypes/4PopSplit/V1/C1/genos-test.pgen, output/Simulate_Genotypes/4PopSplit/V1/C1/genos-test.pvar, output/Simulate_Genotypes/4PopSplit/V1/C1/genos-gwas.psam, output/Simulate_Genotypes/4PopSplit/V1/C1/genos-gwas.pgen, output/Simulate_Genotypes/4PopSplit/V1/C1/genos-gwas.pvar
    jobid: 4
    wildcards: model=4PopSplit, rep=V1, config=C1

[Tue Jan 19 12:47:34 2021]
Finished job 4.
2 of 12 steps (17%) done

[Tue Jan 19 12:47:34 2021]
rule get_variant_freq:
    output: output/Simulate_Genotypes/4PopSplit/V1/C1/genos-test.afreq, output/Simulate_Genotypes/4PopSplit/V1/C1/genos-gwas.afreq
    jobid: 7
    wildcards: model=4PopSplit, rep=V1, config=C1

[Tue Jan 19 12:47:34 2021]
Finished job 7.
3 of 12 steps (25%) done

[Tue Jan 19 12:47:34 2021]
rule get_common_snp_list:
    input: output/Simulate_Genotypes/4PopSplit/V1/C1/genos-test.afreq, output/Simulate_Genotypes/4PopSplit/V1/C1/genos-gwas.afreq
    output: output/Simulate_Genotypes/4PopSplit/V1/C1/common_snp_ids.txt
    jobid: 3
    wildcards: model=4PopSplit, rep=V1, config=C1

[Tue Jan 19 12:47:34 2021]
Finished job 3.
4 of 12 steps (33%) done

[Tue Jan 19 12:47:34 2021]
rule remake_panels_with_common_snps:
    input: output/Simulate_Genotypes/4PopSplit/V1/C1/common_snp_ids.txt, output/Simulate_Genotypes/4PopSplit/V1/C1/genos-test.psam, output/Simulate_Genotypes/4PopSplit/V1/C1/genos-gwas.psam
    output: output/Simulate_Genotypes/4PopSplit/V1/C1/genos-test_common.psam, output/Simulate_Genotypes/4PopSplit/V1/C1/genos-test_common.pvar, output/Simulate_Genotypes/4PopSplit/V1/C1/genos-test_common.pgen, output/Simulate_Genotypes/4PopSplit/V1/C1/genos-gwas_common.psam, output/Simulate_Genotypes/4PopSplit/V1/C1/genos-gwas_common.pvar, output/Simulate_Genotypes/4PopSplit/V1/C1/genos-gwas_common.pgen
    jobid: 1
    wildcards: model=4PopSplit, rep=V1, config=C1

[Tue Jan 19 12:47:34 2021]
Finished job 1.
5 of 12 steps (42%) done

[Tue Jan 19 12:47:34 2021]
rule generate_genetic_values:
    input: output/Simulate_Genotypes/4PopSplit/V1/C1/genos-gwas_common.psam
    output: output/Simulate_Phenotypes/4PopSplit/V1/C1/genos-gwas_common.gvalue.sscore
    jobid: 13
    wildcards: model=4PopSplit, rep=V1, config=C1

[Tue Jan 19 12:47:34 2021]
Error in rule generate_genetic_values:
    jobid: 13
    output: output/Simulate_Phenotypes/4PopSplit/V1/C1/genos-gwas_common.gvalue.sscore
    shell:
        ~/infer_mutational_bias/code/plink2 	--pfile output/Simulate_Genotypes/4PopSplit/V1/C1/genos-gwas_common 	--out output/Simulate_Phenotypes/4PopSplit/V1/C1/genos-gwas_common.gvalue 	--score output/Simulate_Phenotypes/4PopSplit/V1/C1/genos-gwas_common.effects.txt cols=dosagesum,scoresums

Shutting down, this might take some time.
Exiting because a job execution failed. Look above for error message
Complete log: /Users/jenniferblanc/polygenic_adaptation_stratification/.snakemake/log/2021-01-19T124733.753019.snakemake.log
