Building DAG of jobs...
Using shell: /bin/bash
Provided cores: 1
Rules claiming more threads will be scaled down.
Job counts:
	count	jobs
	1	draw_effect_sizes
	1	generate_genetic_values
	1	gwas_no_correction
	1	pick_SNPS
	1	simulatate_phenotype_4PopSplit
	5

[Tue Jan 19 10:37:15 2021]
rule draw_effect_sizes:
    input: output/Simulate_Genotypes/4PopSplit/V1/C1/genos-gwas_common.afreq
    output: output/Simulate_Phenotypes/4PopSplit/V1/C1/genos-gwas_common.effects.txt
    jobid: 1
    wildcards: model=4PopSplit, rep=V1, config=C1

[Tue Jan 19 10:37:16 2021]
Finished job 1.
1 of 5 steps (20%) done

[Tue Jan 19 10:37:16 2021]
rule generate_genetic_values:
    input: output/Simulate_Genotypes/4PopSplit/V1/C1/genos-gwas_common.psam
    output: output/Simulate_Phenotypes/4PopSplit/V1/C1/genos-gwas_common.gvalue.sscore
    jobid: 8
    wildcards: model=4PopSplit, rep=V1, config=C1

[Tue Jan 19 10:37:16 2021]
Finished job 8.
2 of 5 steps (40%) done

[Tue Jan 19 10:37:16 2021]
rule simulatate_phenotype_4PopSplit:
    input: output/Simulate_Phenotypes/4PopSplit/V1/C1/genos-gwas_common.gvalue.sscore, output/Simulate_Genotypes/4PopSplit/V1/genos.pop
    output: output/Simulate_Phenotypes/4PopSplit/V1/C1/genos-gwas_common.phenos.txt
    jobid: 5
    wildcards: model=4PopSplit, rep=V1, config=C1

[Tue Jan 19 10:37:17 2021]
Finished job 5.
3 of 5 steps (60%) done

[Tue Jan 19 10:37:17 2021]
rule gwas_no_correction:
    input: output/Simulate_Genotypes/4PopSplit/V1/C1/genos-gwas_common.psam, output/Simulate_Genotypes/4PopSplit/V1/C1/genos-gwas_common.afreq, output/Simulate_Phenotypes/4PopSplit/V1/C1/genos-gwas_common.phenos.txt
    output: output/Run_GWAS/4PopSplit/V1/C1/genos-gwas_common.pheno_random.glm.linear, output/Run_GWAS/4PopSplit/V1/C1/genos-gwas_common.pheno_strat.glm.linear
    jobid: 2
    wildcards: model=4PopSplit, rep=V1, config=C1

[Tue Jan 19 10:37:17 2021]
Finished job 2.
4 of 5 steps (80%) done

[Tue Jan 19 10:37:17 2021]
rule pick_SNPS:
    input: output/Simulate_Phenotypes/4PopSplit/V1/C1/genos-gwas_common.effects.txt, output/Run_GWAS/4PopSplit/V1/C1/genos-gwas_common.pheno_random.glm.linear, output/Run_GWAS/4PopSplit/V1/C1/genos-gwas_common.pheno_strat.glm.linear
    output: output/PRS/4PopSplit/V1/C1/genos-gwas_common.c.betas, output/PRS/4PopSplit/V1/C1/genos-gwas_common.c.p.betas, output/PRS/4PopSplit/V1/C1/genos-gwas_common.nc.betas
    jobid: 0
    wildcards: model=4PopSplit, rep=V1, config=C1

[Tue Jan 19 10:37:18 2021]
Error in rule pick_SNPS:
    jobid: 0
    output: output/PRS/4PopSplit/V1/C1/genos-gwas_common.c.betas, output/PRS/4PopSplit/V1/C1/genos-gwas_common.c.p.betas, output/PRS/4PopSplit/V1/C1/genos-gwas_common.nc.betas
    shell:
        Rscript code/PRS/clump.R output/Simulate_Phenotypes/4PopSplit/V1/C1/genos-gwas_common.effects.txt output/Run_GWAS/4PopSplit/V1/C1/genos-gwas_common 5e-4 output/PRS/4PopSplit/V1/C1/genos-gwas_common

Shutting down, this might take some time.
Exiting because a job execution failed. Look above for error message
Complete log: /Users/jenniferblanc/polygenic_adaptation_stratification/.snakemake/log/2021-01-19T103715.516029.snakemake.log
