Building DAG of jobs...
Using shell: /bin/bash
Provided cores: 1
Rules claiming more threads will be scaled down.
Job counts:
	count	jobs
	1	calc_prs
	1	common_snp_freq
	1	draw_effect_sizes
	1	generate_genetic_values
	1	gwas_no_correction
	1	pick_SNPS
	1	simulatate_phenotype_4PopSplit
	7

[Tue Jan 19 12:50:34 2021]
rule common_snp_freq:
    input: output/Simulate_Genotypes/4PopSplit/V1/C1/genos-gwas_common.psam
    output: output/Simulate_Genotypes/4PopSplit/V1/C1/genos-gwas_common.afreq
    jobid: 10
    wildcards: model=4PopSplit, rep=V1, config=C1

[Tue Jan 19 12:50:34 2021]
Finished job 10.
1 of 7 steps (14%) done

[Tue Jan 19 12:50:34 2021]
rule draw_effect_sizes:
    input: output/Simulate_Genotypes/4PopSplit/V1/C1/genos-gwas_common.afreq
    output: output/Simulate_Phenotypes/4PopSplit/V1/C1/genos-gwas_common.effects.txt
    jobid: 5
    wildcards: model=4PopSplit, rep=V1, config=C1

[Tue Jan 19 12:50:35 2021]
Finished job 5.
2 of 7 steps (29%) done

[Tue Jan 19 12:50:35 2021]
rule generate_genetic_values:
    input: output/Simulate_Genotypes/4PopSplit/V1/C1/genos-gwas_common.psam, output/Simulate_Phenotypes/4PopSplit/V1/C1/genos-gwas_common.effects.txt
    output: output/Simulate_Phenotypes/4PopSplit/V1/C1/genos-gwas_common.gvalue.sscore
    jobid: 13
    wildcards: model=4PopSplit, rep=V1, config=C1

[Tue Jan 19 12:50:35 2021]
Finished job 13.
3 of 7 steps (43%) done

[Tue Jan 19 12:50:35 2021]
rule simulatate_phenotype_4PopSplit:
    input: output/Simulate_Phenotypes/4PopSplit/V1/C1/genos-gwas_common.gvalue.sscore, output/Simulate_Genotypes/4PopSplit/V1/genos.pop
    output: output/Simulate_Phenotypes/4PopSplit/V1/C1/genos-gwas_common.phenos.txt
    jobid: 11
    wildcards: model=4PopSplit, rep=V1, config=C1

[Tue Jan 19 12:50:36 2021]
Finished job 11.
4 of 7 steps (57%) done

[Tue Jan 19 12:50:36 2021]
rule gwas_no_correction:
    input: output/Simulate_Genotypes/4PopSplit/V1/C1/genos-gwas_common.psam, output/Simulate_Genotypes/4PopSplit/V1/C1/genos-gwas_common.afreq, output/Simulate_Phenotypes/4PopSplit/V1/C1/genos-gwas_common.phenos.txt
    output: output/Run_GWAS/4PopSplit/V1/C1/genos-gwas_common.pheno_random.glm.linear, output/Run_GWAS/4PopSplit/V1/C1/genos-gwas_common.pheno_strat.glm.linear
    jobid: 6
    wildcards: model=4PopSplit, rep=V1, config=C1

[Tue Jan 19 12:50:36 2021]
Finished job 6.
5 of 7 steps (71%) done

[Tue Jan 19 12:50:36 2021]
rule pick_SNPS:
    input: output/Simulate_Phenotypes/4PopSplit/V1/C1/genos-gwas_common.effects.txt, output/Run_GWAS/4PopSplit/V1/C1/genos-gwas_common.pheno_random.glm.linear, output/Run_GWAS/4PopSplit/V1/C1/genos-gwas_common.pheno_strat.glm.linear
    output: output/PRS/4PopSplit/V1/C1/genos-gwas_common.c.betas, output/PRS/4PopSplit/V1/C1/genos-gwas_common.c.p.betas, output/PRS/4PopSplit/V1/C1/genos-gwas_common.nc.betas
    jobid: 2
    wildcards: model=4PopSplit, rep=V1, config=C1

[Tue Jan 19 12:50:37 2021]
Finished job 2.
6 of 7 steps (86%) done

[Tue Jan 19 12:50:37 2021]
rule calc_prs:
    input: output/Simulate_Genotypes/4PopSplit/V1/C1/genos-test_common.psam, output/PRS/4PopSplit/V1/C1/genos-gwas_common.c.betas, output/PRS/4PopSplit/V1/C1/genos-gwas_common.c.p.betas, output/PRS/4PopSplit/V1/C1/genos-gwas_common.nc.betas
    output: output/PRS/4PopSplit/V1/C1/genos-test_common.c.sscore, output/PRS/4PopSplit/V1/C1/genos-test_common.c.p.sscore, output/PRS/4PopSplit/V1/C1/genos-test_common.nc.sscore
    jobid: 0
    wildcards: model=4PopSplit, rep=V1, config=C1

[Tue Jan 19 12:50:37 2021]
Finished job 0.
7 of 7 steps (100%) done
Complete log: /Users/jenniferblanc/polygenic_adaptation_stratification/.snakemake/log/2021-01-19T125034.621757.snakemake.log
