Building DAG of jobs...
Using shell: /bin/bash
Provided cores: 1
Rules claiming more threads will be scaled down.
Job counts:
	count	jobs
	1	simulate_genotypes_4popsplit
	1

[Thu Jan  7 17:36:03 2021]
rule simulate_genotypes_4popsplit:
    output: output/Simulate_Genotypes/4PopSplit/V1/genos.vcf, output/Simulate_Genotypes/4PopSplit/V1/genos.pop
    jobid: 0
    wildcards: model=4PopSplit, rep=V1

Waiting at most 5 seconds for missing files.
MissingOutputException in line 3 of /Users/jenniferblanc/polygenic_adaptation_stratification/Snakefile:
Missing files after 5 seconds:
output/Simulate_Genotypes/4PopSplit/V1/genos.vcf
output/Simulate_Genotypes/4PopSplit/V1/genos.pop
This might be due to filesystem latency. If that is the case, consider to increase the wait time with --latency-wait.
Shutting down, this might take some time.
Exiting because a job execution failed. Look above for error message
Complete log: /Users/jenniferblanc/polygenic_adaptation_stratification/.snakemake/log/2021-01-07T173603.390196.snakemake.log
