Building DAG of jobs...
Using shell: /bin/bash
Provided cores: 1
Rules claiming more threads will be scaled down.
Job counts:
	count	jobs
	1	simulate_genotypes_4popsplit
	1

[Tue Jan 19 18:00:21 2021]
rule simulate_genotypes_4popsplit:
    output: output/Simulate_Genotypes/4PopSplit/V1/genos_0.vcf, output/Simulate_Genotypes/4PopSplit/V1/genos_1.vcf, output/Simulate_Genotypes/4PopSplit/V1/genos.pop
    jobid: 0
    wildcards: model=4PopSplit, rep=V1

[Tue Jan 19 18:00:22 2021]
Error in rule simulate_genotypes_4popsplit:
    jobid: 0
    output: output/Simulate_Genotypes/4PopSplit/V1/genos_0.vcf, output/Simulate_Genotypes/4PopSplit/V1/genos_1.vcf, output/Simulate_Genotypes/4PopSplit/V1/genos.pop
    shell:
        python code/Simulate_Genotypes/generate_genotypes_4PopSplit.py 	       --outpre output/Simulate_Genotypes/4PopSplit/V1/genos 	       --chr nchr 	       --Nanc 10000 	       -a 1000 	       -b 1000 	       -c 1000 	       -d 1000

Shutting down, this might take some time.
Exiting because a job execution failed. Look above for error message
Complete log: /Users/jenniferblanc/polygenic_adaptation_stratification/.snakemake/log/2021-01-19T180020.980058.snakemake.log
