Building DAG of jobs...
Using shell: /bin/bash
Provided cores: 1
Rules claiming more threads will be scaled down.
Job counts:
	count	jobs
	1	create_panels_4PopSplit
	1	split_into_test_gwas
	2

[Thu Jan  7 14:27:08 2021]
rule create_panels_4PopSplit:
    input: output/Simulate_Genotypes/4PopSplit/test.pop
    output: output/Simulate_Genotypes/4PopSplit/test-c1.gwas, output/Simulate_Genotypes/4PopSplit/test-c1.test, output/Simulate_Genotypes/4PopSplit/test-c2.gwas, output/Simulate_Genotypes/4PopSplit/test-c2.test
    jobid: 1

[Thu Jan  7 14:27:08 2021]
Finished job 1.
1 of 2 steps (50%) done

[Thu Jan  7 14:27:08 2021]
rule split_into_test_gwas:
    input: output/Simulate_Genotypes/4PopSplit/test-c1.gwas, output/Simulate_Genotypes/4PopSplit/test-c1.test
    output: output/Simulate_Genotypes/4PopSplit/test-c1-tp.psam, output/Simulate_Genotypes/4PopSplit/test-c1-tp.pgen, output/Simulate_Genotypes/4PopSplit/test-c1-tp.pvar, output/Simulate_Genotypes/4PopSplit/test-c1-gp.psam, output/Simulate_Genotypes/4PopSplit/test-c1-gp.pgen, output/Simulate_Genotypes/4PopSplit/test-c1-gp.pvar
    jobid: 0

[Thu Jan  7 14:27:08 2021]
Finished job 0.
2 of 2 steps (100%) done
Complete log: /Users/jenniferblanc/polygenic_adaptation_stratification/.snakemake/log/2021-01-07T142708.418812.snakemake.log
