Building DAG of jobs...
Using shell: /bin/bash
Provided cores: 1
Rules claiming more threads will be scaled down.
Job counts:
	count	jobs
	1	aggregate_gwas
	2	gwas_correction
	1	simulatate_phenotype_4PopSplit
	4

[Sun Jan 31 14:36:09 2021]
rule gwas_correction:
    input: output/Simulate_Genotypes/4PopSplit/S1/C1/genos-gwas_common.psam, output/Simulate_Genotypes/4PopSplit/S1/C1/genos-gwas_common.afreq, output/Simulate_Phenotypes/4PopSplit/S1/C1/genos-gwas_common.phenos.txt, output/Simulate_Genotypes/4PopSplit/S1/C1/genos-gwas_common.eigenvec
    output: output/Run_GWAS/4PopSplit/S1/C1/genos-gwas_common.pheno_random.glm.linear, output/Run_GWAS/4PopSplit/S1/C1/genos-gwas_common.pheno_strat.glm.linear
    jobid: 1
    wildcards: model=4PopSplit, rep=S1, config=C1

[Sun Jan 31 14:36:09 2021]
Finished job 1.
1 of 4 steps (25%) done

[Sun Jan 31 14:36:09 2021]
rule simulatate_phenotype_4PopSplit:
    input: output/Simulate_Phenotypes/4PopSplit/S1/C2/genos-gwas_common.gvalue.sscore, output/Simulate_Genotypes/4PopSplit/S1/genos.pop
    output: output/Simulate_Phenotypes/4PopSplit/S1/C2/genos-gwas_common.phenos.txt
    jobid: 10
    wildcards: model=4PopSplit, rep=S1, config=C2

[Sun Jan 31 14:36:10 2021]
Finished job 10.
2 of 4 steps (50%) done

[Sun Jan 31 14:36:10 2021]
rule gwas_correction:
    input: output/Simulate_Genotypes/4PopSplit/S1/C2/genos-gwas_common.psam, output/Simulate_Genotypes/4PopSplit/S1/C2/genos-gwas_common.afreq, output/Simulate_Phenotypes/4PopSplit/S1/C2/genos-gwas_common.phenos.txt, output/Simulate_Genotypes/4PopSplit/S1/C2/genos-gwas_common.eigenvec
    output: output/Run_GWAS/4PopSplit/S1/C2/genos-gwas_common.pheno_random.glm.linear, output/Run_GWAS/4PopSplit/S1/C2/genos-gwas_common.pheno_strat.glm.linear
    jobid: 2
    wildcards: model=4PopSplit, rep=S1, config=C2

[Sun Jan 31 14:36:10 2021]
Finished job 2.
3 of 4 steps (75%) done

[Sun Jan 31 14:36:10 2021]
rule aggregate_gwas:
    input: output/Run_GWAS/4PopSplit/S1/C1/genos-gwas_common.pheno_random.glm.linear, output/Run_GWAS/4PopSplit/S1/C2/genos-gwas_common.pheno_random.glm.linear, output/Simulate_Genotypes/4PopSplit/S1/C1/genos-gwas_common.eigenvec, output/Simulate_Genotypes/4PopSplit/S1/C2/genos-gwas_common.eigenvec
    jobid: 0

[Sun Jan 31 14:36:10 2021]
Finished job 0.
4 of 4 steps (100%) done
Complete log: /Users/jenniferblanc/polygenic_adaptation_stratification/.snakemake/log/2021-01-31T143609.411860.snakemake.log
