Building DAG of jobs...
Using shell: /bin/bash
Provided cores: 1
Rules claiming more threads will be scaled down.
Job counts:
	count	jobs
	1	convert_vcf_to_plink
	1	format_VCF
	1	simulate_genotypes_4popsplit
	3

[Thu Jan  7 18:28:23 2021]
rule simulate_genotypes_4popsplit:
    output: output/Simulate_Genotypes/4PopSplit/V1/genos.vcf, output/Simulate_Genotypes/4PopSplit/V1/genos.pop
    jobid: 2
    wildcards: model=4PopSplit, rep=V1

[Thu Jan  7 18:28:24 2021]
Error in rule simulate_genotypes_4popsplit:
    jobid: 2
    output: output/Simulate_Genotypes/4PopSplit/V1/genos.vcf, output/Simulate_Genotypes/4PopSplit/V1/genos.pop
    shell:
        python code/Simulate_Genotypes/generate_genotypes_4PopSplit.py 	--outpre output/Simulate_Genotypes/4PopSplit/V1/genos

Removing output files of failed job simulate_genotypes_4popsplit since they might be corrupted:
output/Simulate_Genotypes/4PopSplit/V1/genos.vcf
Shutting down, this might take some time.
Exiting because a job execution failed. Look above for error message
Complete log: /Users/jenniferblanc/polygenic_adaptation_stratification/.snakemake/log/2021-01-07T182823.023085.snakemake.log
