Building DAG of jobs...
Using shell: /bin/bash
Provided cores: 1
Rules claiming more threads will be scaled down.
Job counts:
	count	jobs
	1	format_VCF
	1

[Thu Jan  7 17:42:08 2021]
rule format_VCF:
    input: output/Simulate_Genotypes/4PopSplit/V1/genos.vcf
    output: output/Simulate_Genotypes/4PopSplit/V1/genos.ids.vcf.gz
    jobid: 0
    wildcards: model=4PopSplit, rep=V1

[Thu Jan  7 17:42:09 2021]
Error in rule format_VCF:
    jobid: 0
    output: output/Simulate_Genotypes/4PopSplit/V1/genos.ids.vcf.gz
    shell:
        
	head -n6 output/Simulate_Genotypes/4PopSplit/V1/genos.vcf > output/Simulate_Genotypes/4PopSplit/V1/header.txt
	cat output/Simulate_Genotypes/V1/V1/header.txt <(cat output/Simulate_Genotypes/4PopSplit/V1/genos.vcf | awk -v OFS="	" 'NR>6 {$3=$1"_"$2"_A_T";$4="A"; $5="T"; print ;}') | bgzip > output/Simulate_Genotypes/4PopSplit/V1/genos.ids.vcf.gz
	bcftools index output/Simulate_Genotypes/4PopSplit/V1/genos.ids.vcf.gz
	

Removing output files of failed job format_VCF since they might be corrupted:
output/Simulate_Genotypes/4PopSplit/V1/genos.ids.vcf.gz
Shutting down, this might take some time.
Exiting because a job execution failed. Look above for error message
Complete log: /Users/jenniferblanc/polygenic_adaptation_stratification/.snakemake/log/2021-01-07T174208.691550.snakemake.log
