Building DAG of jobs...
Job counts:
	count	jobs
	1	draw_effect_sizes
	1	pick_SNPS
	2

[Tue Jan 19 10:27:32 2021]
rule draw_effect_sizes:
    input: output/Simulate_Genotypes/4PopSplit/V1/C1/genos-gwas_common.afreq
    output: output/Simulate_Phenotypes/4PopSplit/V1/C1/genos-gwas_common.effects.txt
    jobid: 1
    wildcards: model=4PopSplit, rep=V1, config=C1

Rscript code/Simulate_Phenotypes/simgeffects.R output/Simulate_Genotypes/4PopSplit/V1/C1/genos-gwas_common.afreq output/Simulate_Phenotypes/4PopSplit/V1/C1/genos-gwas_common.effects.txt 0.8 0.4 12

[Tue Jan 19 10:27:32 2021]
rule pick_SNPS:
    input: output/Simulate_Phenotypes/4PopSplit/V1/C1/genos-gwas_common.effects.txt, output/Run_GWAS/4PopSplit/V1/C1/genos-gwas_common.pheno_random.glm.linear.gz, output/Run_GWAS/4PopSplit/V1/C1/genos-gwas_common.pheno_strat.glm.linear.gz
    output: output/PRS/4PopSplit/V1/C1/genos-gwas_common.c.betas, output/PRS/4PopSplit/V1/C1/genos-gwas_common.c.p.betas, output/PRS/4PopSplit/V1/C1/genos-gwas_common.nc.betas
    jobid: 0
    wildcards: model=4PopSplit, rep=V1, config=C1

RuleException in line 202 of /Users/jenniferblanc/polygenic_adaptation_stratification/Snakefile:
NameError: The name 'model' is unknown in this context. Please make sure that you defined that variable. Also note that braces not used for variable access have to be escaped by repeating them, i.e. {{print $1}}
