Building DAG of jobs...
Using shell: /bin/bash
Provided cluster nodes: 500
Job counts:
	count	jobs
	1	aggregate_genotypes
	2	common_snp_freq
	1	concat_vcfs
	1	convert_vcf_to_plink
	1	create_panels_4PopSplit
	2	format_VCF
	2	get_common_snp_list
	2	get_variant_freq
	2	remake_panels_with_common_snps
	1	simulate_genotypes_4popsplit
	2	split_into_test_gwas
	17

[Wed Jan 27 19:02:09 2021]
rule simulate_genotypes_4popsplit:
    output: output/Simulate_Genotypes/4PopSplit/V1/genos_0.vcf, output/Simulate_Genotypes/4PopSplit/V1/genos_1.vcf, output/Simulate_Genotypes/4PopSplit/V1/genos.pop
    jobid: 13
    wildcards: rep=V1

python code/Simulate_Genotypes/generate_genotypes_4PopSplit.py 	       --outpre output/Simulate_Genotypes/4PopSplit/V1/genos 	       --chr 2 	       --Nanc 40000 	       -a 100 	       -b 100 	       -c 100 	       -d 100
Submitted job 13 with external jobid 'Submitted batch job 8582702'.

[Wed Jan 27 19:02:18 2021]
rule create_panels_4PopSplit:
    input: output/Simulate_Genotypes/4PopSplit/V1/genos.pop
    output: output/Simulate_Genotypes/4PopSplit/V1/C1/ids.gwas, output/Simulate_Genotypes/4PopSplit/V1/C1/ids.test, output/Simulate_Genotypes/4PopSplit/V1/C2/ids.gwas, output/Simulate_Genotypes/4PopSplit/V1/C2/ids.test
    jobid: 10
    wildcards: model=4PopSplit, rep=V1

Submitted job 10 with external jobid 'Submitted batch job 8582710'.

[Wed Jan 27 19:02:18 2021]
rule format_VCF:
    input: output/Simulate_Genotypes/4PopSplit/V1/genos_0.vcf
    output: output/Simulate_Genotypes/4PopSplit/V1/genos_0.ids.vcf.gz
    jobid: 15
    wildcards: model=4PopSplit, rep=V1, chr=0


	      head -n6 output/Simulate_Genotypes/4PopSplit/V1/genos_0.vcf > output/Simulate_Genotypes/4PopSplit/V1/header_0.txt
	      cat output/Simulate_Genotypes/4PopSplit/V1/header_0.txt <(cat output/Simulate_Genotypes/4PopSplit/V1/genos_0.vcf | awk -v OFS="	" 'NR>6 {$3=$1"_"$2"_A_T";$4="A"; $5="T"; print ;}') | bgzip > output/Simulate_Genotypes/4PopSplit/V1/genos_0.ids.vcf.gz
	      #bcftools index output/Simulate_Genotypes/4PopSplit/V1/genos_0.ids.vcf.gz
	      rm output/Simulate_Genotypes/4PopSplit/V1/header_0.txt
	      
Submitted job 15 with external jobid 'Submitted batch job 8582711'.

[Wed Jan 27 19:02:20 2021]
rule format_VCF:
    input: output/Simulate_Genotypes/4PopSplit/V1/genos_1.vcf
    output: output/Simulate_Genotypes/4PopSplit/V1/genos_1.ids.vcf.gz
    jobid: 16
    wildcards: model=4PopSplit, rep=V1, chr=1


	      head -n6 output/Simulate_Genotypes/4PopSplit/V1/genos_1.vcf > output/Simulate_Genotypes/4PopSplit/V1/header_1.txt
	      cat output/Simulate_Genotypes/4PopSplit/V1/header_1.txt <(cat output/Simulate_Genotypes/4PopSplit/V1/genos_1.vcf | awk -v OFS="	" 'NR>6 {$3=$1"_"$2"_A_T";$4="A"; $5="T"; print ;}') | bgzip > output/Simulate_Genotypes/4PopSplit/V1/genos_1.ids.vcf.gz
	      #bcftools index output/Simulate_Genotypes/4PopSplit/V1/genos_1.ids.vcf.gz
	      rm output/Simulate_Genotypes/4PopSplit/V1/header_1.txt
	      
Submitted job 16 with external jobid 'Submitted batch job 8582713'.

[Wed Jan 27 19:02:26 2021]
rule concat_vcfs:
    input: output/Simulate_Genotypes/4PopSplit/V1/genos_0.ids.vcf.gz, output/Simulate_Genotypes/4PopSplit/V1/genos_1.ids.vcf.gz
    output: output/Simulate_Genotypes/4PopSplit/V1/genos.ids.vcf.gz
    jobid: 14
    wildcards: model=4PopSplit, rep=V1

bcftools concat output/Simulate_Genotypes/4PopSplit/V1/genos_0.ids.vcf.gz output/Simulate_Genotypes/4PopSplit/V1/genos_1.ids.vcf.gz -o output/Simulate_Genotypes/4PopSplit/V1/genos.ids.vcf.gz -O z
Submitted job 14 with external jobid 'Submitted batch job 8582715'.

[Wed Jan 27 19:02:32 2021]
rule convert_vcf_to_plink:
    input: output/Simulate_Genotypes/4PopSplit/V1/genos.ids.vcf.gz
    output: output/Simulate_Genotypes/4PopSplit/V1/genos.psam, output/Simulate_Genotypes/4PopSplit/V1/genos.pgen, output/Simulate_Genotypes/4PopSplit/V1/genos.pvar
    jobid: 11
    wildcards: model=4PopSplit, rep=V1

plink2         --double-id         --make-pgen         --out output/Simulate_Genotypes/4PopSplit/V1/genos         --vcf output/Simulate_Genotypes/4PopSplit/V1/genos.ids.vcf.gz
Submitted job 11 with external jobid 'Submitted batch job 8582718'.
