Building DAG of jobs...
Using shell: /bin/bash
Provided cores: 1
Rules claiming more threads will be scaled down.
Job counts:
	count	jobs
	1	convert_vcf_to_plink
	1	create_panels_4PopSplit
	1	format_VCF
	1	split_into_test_gwas
	4

[Fri Jan  8 11:47:02 2021]
rule format_VCF:
    input: output/Simulate_Genotypes/4PopSplit/V1/genos.vcf
    output: output/Simulate_Genotypes/4PopSplit/V1/genos.ids.vcf.gz, output/Simulate_Genotypes/4PopSplit/V1/genos.ids.vcf.gz.csi
    jobid: 4
    wildcards: model=4PopSplit, rep=V1

[Fri Jan  8 11:47:16 2021]
Finished job 4.
1 of 4 steps (25%) done

[Fri Jan  8 11:47:16 2021]
rule convert_vcf_to_plink:
    input: output/Simulate_Genotypes/4PopSplit/V1/genos.ids.vcf.gz
    output: output/Simulate_Genotypes/4PopSplit/V1/genos.psam, output/Simulate_Genotypes/4PopSplit/V1/genos.pgen, output/Simulate_Genotypes/4PopSplit/V1/genos.pvar
    jobid: 2
    wildcards: model=4PopSplit, rep=V1

[Fri Jan  8 11:47:16 2021]
Finished job 2.
2 of 4 steps (50%) done

[Fri Jan  8 11:47:16 2021]
rule create_panels_4PopSplit:
    input: output/Simulate_Genotypes/4PopSplit/V1/genos.pop
    output: output/Simulate_Genotypes/4PopSplit/V1/C1/ids.gwas, output/Simulate_Genotypes/4PopSplit/V1/C1/ids.test, output/Simulate_Genotypes/4PopSplit/V1/C2/ids.gwas, output/Simulate_Genotypes/4PopSplit/V1/C2/ids.test
    jobid: 1
    wildcards: model=4PopSplit, rep=V1

[Fri Jan  8 11:47:17 2021]
Finished job 1.
3 of 4 steps (75%) done

[Fri Jan  8 11:47:17 2021]
rule split_into_test_gwas:
    input: output/Simulate_Genotypes/4PopSplit/V1/C1/ids.gwas, output/Simulate_Genotypes/4PopSplit/V1/C1/ids.test, output/Simulate_Genotypes/4PopSplit/V1/genos.psam
    output: output/Simulate_Genotypes/4PopSplit/V1/C1/genos-test.psam, output/Simulate_Genotypes/4PopSplit/V1/C1/genos-test.pgen, output/Simulate_Genotypes/4PopSplit/V1/C1/genos-test.pvar, output/Simulate_Genotypes/4PopSplit/V1/C1/genos-gwas.psam, output/Simulate_Genotypes/4PopSplit/V1/C1/genos-gwas.pgen, output/Simulate_Genotypes/4PopSplit/V1/C1/genos-gwas.pvar
    jobid: 0
    wildcards: model=4PopSplit, rep=V1, config=C1

[Fri Jan  8 11:47:17 2021]
Finished job 0.
4 of 4 steps (100%) done
Complete log: /Users/jenniferblanc/polygenic_adaptation_stratification/.snakemake/log/2021-01-08T114702.751267.snakemake.log
