Building DAG of jobs...
Using shell: /bin/bash
Provided cores: 1
Rules claiming more threads will be scaled down.
Job counts:
	count	jobs
	1	create_panels_4PopSplit
	1	split_into_test_gwas
	2

[Thu Jan  7 14:22:20 2021]
rule create_panels_4PopSplit:
    input: output/Simulate_Genotypes/4PopSplit/test.pop
    output: output/Simulate_Genotypes/4PopSplit/test-c1.gwas, output/Simulate_Genotypes/4PopSplit/test-c1.test, output/Simulate_Genotypes/4PopSplit/test-c2.gwas, output/Simulate_Genotypes/4PopSplit/test-c2.test
    jobid: 1

[Thu Jan  7 14:22:21 2021]
Finished job 1.
1 of 2 steps (50%) done

[Thu Jan  7 14:22:21 2021]
rule split_into_test_gwas:
    input: output/Simulate_Genotypes/4PopSplit/test-c1.gwas, output/Simulate_Genotypes/4PopSplit/test-c1.test
    output: output/Simulate_Genotypes/4PopSplit/test-c1.psam, output/Simulate_Genotypes/4PopSplit/test-c1.pgen, output/Simulate_Genotypes/4PopSplit/test-c1.pvar
    jobid: 0

[Thu Jan  7 14:22:21 2021]
Error in rule split_into_test_gwas:
    jobid: 0
    output: output/Simulate_Genotypes/4PopSplit/test-c1.psam, output/Simulate_Genotypes/4PopSplit/test-c1.pgen, output/Simulate_Genotypes/4PopSplit/test-c1.pvar
    shell:
        
	~/infer_mutational_bias/code/plink2 	--keep output/Simulate_Genotypes/4PopSplit/test-c1.gwas 	--make-pgen 	--out output/Simulate_Genotypes/4PopSplit/test-c1-gp 	--pfile output/Simulate_Genotypes/4PopSplit/test 	--rm-dup exclude-all

        ~/infer_mutational_bias/code/plink2         --keep output/Simulate_Genotypes/4PopSplit/test-c1.test         --make-pgen         --out output/Simulate_Genotypes/4PopSplit/test-c1-tp         --pfile output/Simulate_Genotypes/4PopSplit/test 	--rm-dup exclude-all
	

Shutting down, this might take some time.
Exiting because a job execution failed. Look above for error message
Complete log: /Users/jenniferblanc/polygenic_adaptation_stratification/.snakemake/log/2021-01-07T142220.850677.snakemake.log
