Building DAG of jobs...
Using shell: /bin/bash
Provided cores: 1
Rules claiming more threads will be scaled down.
Job counts:
	count	jobs
	1	format_VCF
	1

[Wed Jan  6 15:58:05 2021]
rule format_VCF:
    input: output/Simulate_Genotypes/4PopSplit/test.vcf
    output: output/Simulate_Genotypes/4PopSplit/header.txt
    jobid: 0

Waiting at most 5 seconds for missing files.
MissingOutputException in line 10 of /Users/jenniferblanc/polygenic_adaptation_stratification/Snakefile:
Missing files after 5 seconds:
output/Simulate_Genotypes/4PopSplit/header.txt
This might be due to filesystem latency. If that is the case, consider to increase the wait time with --latency-wait.
Shutting down, this might take some time.
Exiting because a job execution failed. Look above for error message
Complete log: /Users/jenniferblanc/polygenic_adaptation_stratification/.snakemake/log/2021-01-06T155805.843266.snakemake.log
