Building DAG of jobs...
Using shell: /bin/bash
Provided cores: 1 (use --cores to define parallelism)
Rules claiming more threads will be scaled down.
Job counts:
	count	jobs
	1	aggregate_genotypes
	4	common_snp_freq
	2	concat_vcfs
	2	convert_vcf_to_plink
	2	create_panels_4PopSplit
	40	format_VCF
	4	get_common_snp_list
	4	get_variant_freq
	4	remake_panels_with_common_snps
	2	simulate_genotypes_4popsplit
	4	split_into_test_gwas
	69

[Tue Jan 26 17:15:01 2021]
rule simulate_genotypes_4popsplit:
    output: output/Simulate_Genotypes/4PopSplit/V1/genos_0.vcf, output/Simulate_Genotypes/4PopSplit/V1/genos_1.vcf, output/Simulate_Genotypes/4PopSplit/V1/genos_2.vcf, output/Simulate_Genotypes/4PopSplit/V1/genos_3.vcf, output/Simulate_Genotypes/4PopSplit/V1/genos_4.vcf, output/Simulate_Genotypes/4PopSplit/V1/genos_5.vcf, output/Simulate_Genotypes/4PopSplit/V1/genos_6.vcf, output/Simulate_Genotypes/4PopSplit/V1/genos_7.vcf, output/Simulate_Genotypes/4PopSplit/V1/genos_8.vcf, output/Simulate_Genotypes/4PopSplit/V1/genos_9.vcf, output/Simulate_Genotypes/4PopSplit/V1/genos_10.vcf, output/Simulate_Genotypes/4PopSplit/V1/genos_11.vcf, output/Simulate_Genotypes/4PopSplit/V1/genos_12.vcf, output/Simulate_Genotypes/4PopSplit/V1/genos_13.vcf, output/Simulate_Genotypes/4PopSplit/V1/genos_14.vcf, output/Simulate_Genotypes/4PopSplit/V1/genos_15.vcf, output/Simulate_Genotypes/4PopSplit/V1/genos_16.vcf, output/Simulate_Genotypes/4PopSplit/V1/genos_17.vcf, output/Simulate_Genotypes/4PopSplit/V1/genos_18.vcf, output/Simulate_Genotypes/4PopSplit/V1/genos_19.vcf, output/Simulate_Genotypes/4PopSplit/V1/genos.pop
    jobid: 25
    wildcards: rep=V1

Terminating processes on user request, this might take some time.
[Tue Jan 26 17:16:32 2021]
Error in rule simulate_genotypes_4popsplit:
    jobid: 25
    output: output/Simulate_Genotypes/4PopSplit/V1/genos_0.vcf, output/Simulate_Genotypes/4PopSplit/V1/genos_1.vcf, output/Simulate_Genotypes/4PopSplit/V1/genos_2.vcf, output/Simulate_Genotypes/4PopSplit/V1/genos_3.vcf, output/Simulate_Genotypes/4PopSplit/V1/genos_4.vcf, output/Simulate_Genotypes/4PopSplit/V1/genos_5.vcf, output/Simulate_Genotypes/4PopSplit/V1/genos_6.vcf, output/Simulate_Genotypes/4PopSplit/V1/genos_7.vcf, output/Simulate_Genotypes/4PopSplit/V1/genos_8.vcf, output/Simulate_Genotypes/4PopSplit/V1/genos_9.vcf, output/Simulate_Genotypes/4PopSplit/V1/genos_10.vcf, output/Simulate_Genotypes/4PopSplit/V1/genos_11.vcf, output/Simulate_Genotypes/4PopSplit/V1/genos_12.vcf, output/Simulate_Genotypes/4PopSplit/V1/genos_13.vcf, output/Simulate_Genotypes/4PopSplit/V1/genos_14.vcf, output/Simulate_Genotypes/4PopSplit/V1/genos_15.vcf, output/Simulate_Genotypes/4PopSplit/V1/genos_16.vcf, output/Simulate_Genotypes/4PopSplit/V1/genos_17.vcf, output/Simulate_Genotypes/4PopSplit/V1/genos_18.vcf, output/Simulate_Genotypes/4PopSplit/V1/genos_19.vcf, output/Simulate_Genotypes/4PopSplit/V1/genos.pop
    shell:
        python code/Simulate_Genotypes/generate_genotypes_4PopSplit.py 	       --outpre output/Simulate_Genotypes/4PopSplit/V1/genos 	       --chr 20 	       --Nanc 40000 	       -a 5000 	       -b 5000 	       -c 5000 	       -d 5000
        (one of the commands exited with non-zero exit code; note that snakemake uses bash strict mode!)

Removing output files of failed job simulate_genotypes_4popsplit since they might be corrupted:
output/Simulate_Genotypes/4PopSplit/V1/genos_0.vcf, output/Simulate_Genotypes/4PopSplit/V1/genos_1.vcf, output/Simulate_Genotypes/4PopSplit/V1/genos_2.vcf
Complete log: /project2/jjberg/jgblanc/polygenic_adaptation_stratification/.snakemake/log/2021-01-26T171500.219488.snakemake.log
