Building DAG of jobs...
Using shell: /bin/bash
Provided cores: 1
Rules claiming more threads will be scaled down.
Job counts:
	count	jobs
	1	common_snp_freq
	1	create_panels_4PopSplit
	1	get_common_snp_list
	1	get_variant_freq
	1	remake_panels_with_common_snps
	1	split_into_test_gwas
	6

[Tue Jan 12 11:18:26 2021]
rule create_panels_4PopSplit:
    input: output/Simulate_Genotypes/4PopSplit/V1/genos.pop
    output: output/Simulate_Genotypes/4PopSplit/V1/C1/ids.gwas, output/Simulate_Genotypes/4PopSplit/V1/C1/ids.test, output/Simulate_Genotypes/4PopSplit/V1/C2/ids.gwas, output/Simulate_Genotypes/4PopSplit/V1/C2/ids.test
    jobid: 5
    wildcards: model=4PopSplit, rep=V1

[Tue Jan 12 11:18:26 2021]
Finished job 5.
1 of 6 steps (17%) done

[Tue Jan 12 11:18:26 2021]
rule split_into_test_gwas:
    input: output/Simulate_Genotypes/4PopSplit/V1/C1/ids.gwas, output/Simulate_Genotypes/4PopSplit/V1/C1/ids.test, output/Simulate_Genotypes/4PopSplit/V1/genos.psam
    output: output/Simulate_Genotypes/4PopSplit/V1/C1/genos-test.psam, output/Simulate_Genotypes/4PopSplit/V1/C1/genos-test.pgen, output/Simulate_Genotypes/4PopSplit/V1/C1/genos-test.pvar, output/Simulate_Genotypes/4PopSplit/V1/C1/genos-gwas.psam, output/Simulate_Genotypes/4PopSplit/V1/C1/genos-gwas.pgen, output/Simulate_Genotypes/4PopSplit/V1/C1/genos-gwas.pvar
    jobid: 3
    wildcards: model=4PopSplit, rep=V1, config=C1

[Tue Jan 12 11:18:27 2021]
Finished job 3.
2 of 6 steps (33%) done

[Tue Jan 12 11:18:27 2021]
rule get_variant_freq:
    output: output/Simulate_Genotypes/4PopSplit/V1/C1/genos-test.afreq, output/Simulate_Genotypes/4PopSplit/V1/C1/genos-gwas.afreq
    jobid: 4
    wildcards: model=4PopSplit, rep=V1, config=C1

[Tue Jan 12 11:18:27 2021]
Finished job 4.
3 of 6 steps (50%) done

[Tue Jan 12 11:18:27 2021]
rule get_common_snp_list:
    input: output/Simulate_Genotypes/4PopSplit/V1/C1/genos-test.afreq, output/Simulate_Genotypes/4PopSplit/V1/C1/genos-gwas.afreq
    output: output/Simulate_Genotypes/4PopSplit/V1/C1/common_snp_ids.txt
    jobid: 2
    wildcards: model=4PopSplit, rep=V1, config=C1

[Tue Jan 12 11:18:27 2021]
Finished job 2.
4 of 6 steps (67%) done

[Tue Jan 12 11:18:27 2021]
rule remake_panels_with_common_snps:
    input: output/Simulate_Genotypes/4PopSplit/V1/C1/common_snp_ids.txt, output/Simulate_Genotypes/4PopSplit/V1/C1/genos-test.psam, output/Simulate_Genotypes/4PopSplit/V1/C1/genos-gwas.psam
    output: output/Simulate_Genotypes/4PopSplit/V1/C1/genos-test_common.psam, output/Simulate_Genotypes/4PopSplit/V1/C1/genos-test_common.pvar, output/Simulate_Genotypes/4PopSplit/V1/C1/genos-test_common.pgen, output/Simulate_Genotypes/4PopSplit/V1/C1/genos-gwas_common.psam, output/Simulate_Genotypes/4PopSplit/V1/C1/genos-gwas_common.pvar, output/Simulate_Genotypes/4PopSplit/V1/C1/genos-gwas_common.pgen
    jobid: 1
    wildcards: model=4PopSplit, rep=V1, config=C1

[Tue Jan 12 11:18:27 2021]
Finished job 1.
5 of 6 steps (83%) done

[Tue Jan 12 11:18:27 2021]
rule common_snp_freq:
    input: output/Simulate_Genotypes/4PopSplit/V1/C1/genos-gwas_common.psam
    output: output/Simulate_Genotypes/4PopSplit/V1/C1/genos-gwas_common.afreq
    jobid: 0
    wildcards: model=4PopSplit, rep=V1, config=C1

[Tue Jan 12 11:18:27 2021]
Finished job 0.
6 of 6 steps (100%) done
Complete log: /Users/jenniferblanc/polygenic_adaptation_stratification/.snakemake/log/2021-01-12T111826.404509.snakemake.log
