Building DAG of jobs...
Using shell: /bin/bash
Provided cores: 1
Rules claiming more threads will be scaled down.
Job counts:
	count	jobs
	1	aggregate_prs
	4	calc_prs
	4	calc_true_gv
	4	common_snp_freq
	2	concat_vcfs
	2	convert_vcf_to_plink
	2	create_panels_4PopSplit
	4	draw_effect_sizes
	40	format_VCF
	4	generate_genetic_values
	4	get_common_snp_list
	4	get_variant_freq
	4	gwas_no_correction
	4	pick_SNPS
	4	remake_panels_with_common_snps
	4	simulatate_phenotype_4PopSplit
	2	simulate_genotypes_4popsplit
	4	split_into_test_gwas
	4	test_snp_freq
	101

[Tue Jan 26 11:50:47 2021]
rule simulate_genotypes_4popsplit:
    output: output/Simulate_Genotypes/4PopSplit/V2/genos_0.vcf, output/Simulate_Genotypes/4PopSplit/V2/genos_1.vcf, output/Simulate_Genotypes/4PopSplit/V2/genos_2.vcf, output/Simulate_Genotypes/4PopSplit/V2/genos_3.vcf, output/Simulate_Genotypes/4PopSplit/V2/genos_4.vcf, output/Simulate_Genotypes/4PopSplit/V2/genos_5.vcf, output/Simulate_Genotypes/4PopSplit/V2/genos_6.vcf, output/Simulate_Genotypes/4PopSplit/V2/genos_7.vcf, output/Simulate_Genotypes/4PopSplit/V2/genos_8.vcf, output/Simulate_Genotypes/4PopSplit/V2/genos_9.vcf, output/Simulate_Genotypes/4PopSplit/V2/genos_10.vcf, output/Simulate_Genotypes/4PopSplit/V2/genos_11.vcf, output/Simulate_Genotypes/4PopSplit/V2/genos_12.vcf, output/Simulate_Genotypes/4PopSplit/V2/genos_13.vcf, output/Simulate_Genotypes/4PopSplit/V2/genos_14.vcf, output/Simulate_Genotypes/4PopSplit/V2/genos_15.vcf, output/Simulate_Genotypes/4PopSplit/V2/genos_16.vcf, output/Simulate_Genotypes/4PopSplit/V2/genos_17.vcf, output/Simulate_Genotypes/4PopSplit/V2/genos_18.vcf, output/Simulate_Genotypes/4PopSplit/V2/genos_19.vcf, output/Simulate_Genotypes/4PopSplit/V2/genos.pop
    jobid: 57
    wildcards: rep=V2

Terminating processes on user request, this might take some time.
[Tue Jan 26 11:53:46 2021]
Error in rule simulate_genotypes_4popsplit:
    jobid: 57
    output: output/Simulate_Genotypes/4PopSplit/V2/genos_0.vcf, output/Simulate_Genotypes/4PopSplit/V2/genos_1.vcf, output/Simulate_Genotypes/4PopSplit/V2/genos_2.vcf, output/Simulate_Genotypes/4PopSplit/V2/genos_3.vcf, output/Simulate_Genotypes/4PopSplit/V2/genos_4.vcf, output/Simulate_Genotypes/4PopSplit/V2/genos_5.vcf, output/Simulate_Genotypes/4PopSplit/V2/genos_6.vcf, output/Simulate_Genotypes/4PopSplit/V2/genos_7.vcf, output/Simulate_Genotypes/4PopSplit/V2/genos_8.vcf, output/Simulate_Genotypes/4PopSplit/V2/genos_9.vcf, output/Simulate_Genotypes/4PopSplit/V2/genos_10.vcf, output/Simulate_Genotypes/4PopSplit/V2/genos_11.vcf, output/Simulate_Genotypes/4PopSplit/V2/genos_12.vcf, output/Simulate_Genotypes/4PopSplit/V2/genos_13.vcf, output/Simulate_Genotypes/4PopSplit/V2/genos_14.vcf, output/Simulate_Genotypes/4PopSplit/V2/genos_15.vcf, output/Simulate_Genotypes/4PopSplit/V2/genos_16.vcf, output/Simulate_Genotypes/4PopSplit/V2/genos_17.vcf, output/Simulate_Genotypes/4PopSplit/V2/genos_18.vcf, output/Simulate_Genotypes/4PopSplit/V2/genos_19.vcf, output/Simulate_Genotypes/4PopSplit/V2/genos.pop
    shell:
        python code/Simulate_Genotypes/generate_genotypes_4PopSplit.py 	       --outpre output/Simulate_Genotypes/4PopSplit/V2/genos 	       --chr 20 	       --Nanc 40000 	       -a 5000 	       -b 5000 	       -c 5000 	       -d 5000

Removing output files of failed job simulate_genotypes_4popsplit since they might be corrupted:
output/Simulate_Genotypes/4PopSplit/V2/genos_0.vcf, output/Simulate_Genotypes/4PopSplit/V2/genos_1.vcf, output/Simulate_Genotypes/4PopSplit/V2/genos_2.vcf, output/Simulate_Genotypes/4PopSplit/V2/genos_3.vcf, output/Simulate_Genotypes/4PopSplit/V2/genos_4.vcf
Cancelling snakemake on user request.
