Building DAG of jobs...
Using shell: /bin/bash
Provided cores: 1
Rules claiming more threads will be scaled down.
Job counts:
	count	jobs
	1	calc_prs
	1

[Tue Jan 19 11:19:21 2021]
rule calc_prs:
    input: output/Simulate_Genotypes/4PopSplit/V1/C1/genos-test_common.psam, output/PRS/4PopSplit/V1/C1/genos-gwas_common.c.betas, output/PRS/4PopSplit/V1/C1/genos-gwas_common.c.p.betas, output/PRS/4PopSplit/V1/C1/genos-gwas_common.nc.betas
    output: output/PRS/4PopSplit/V1/C1/genos-test_common.c.sscore, output/PRS/4PopSplit/V1/C1/genos-test_common.c.p.sscore, output/PRS/4PopSplit/V1/C1/genos-test_common.nc.sscore
    jobid: 0
    wildcards: model=4PopSplit, rep=V1, config=C1

Waiting at most 5 seconds for missing files.
MissingOutputException in line 214 of /Users/jenniferblanc/polygenic_adaptation_stratification/Snakefile:
Missing files after 5 seconds:
output/PRS/4PopSplit/V1/C1/genos-test_common.c.p.sscore
output/PRS/4PopSplit/V1/C1/genos-test_common.nc.sscore
This might be due to filesystem latency. If that is the case, consider to increase the wait time with --latency-wait.
Removing output files of failed job calc_prs since they might be corrupted:
output/PRS/4PopSplit/V1/C1/genos-test_common.c.sscore
Shutting down, this might take some time.
Exiting because a job execution failed. Look above for error message
Complete log: /Users/jenniferblanc/polygenic_adaptation_stratification/.snakemake/log/2021-01-19T111921.613136.snakemake.log
