Building DAG of jobs...
Using shell: /bin/bash
Provided cluster nodes: 500
Job counts:
	count	jobs
	1	aggregate_genotypes
	2	common_snp_freq
	1	concat_vcfs
	1	convert_vcf_to_plink
	1	create_panels_4PopSplit
	2	format_VCF
	2	get_common_snp_list
	2	get_variant_freq
	2	remake_panels_with_common_snps
	1	simulate_genotypes_4popsplit
	2	split_into_test_gwas
	17

[Wed Jan 27 17:36:04 2021]
rule simulate_genotypes_4popsplit:
    output: output/Simulate_Genotypes/4PopSplit/V1/genos_0.vcf, output/Simulate_Genotypes/4PopSplit/V1/genos_1.vcf, output/Simulate_Genotypes/4PopSplit/V1/genos.pop
    jobid: 13
    wildcards: rep=V1

python code/Simulate_Genotypes/generate_genotypes_4PopSplit.py 	       --outpre output/Simulate_Genotypes/4PopSplit/V1/genos 	       --chr 2 	       --Nanc 40000 	       -a 5000 	       -b 5000 	       -c 5000 	       -d 5000
Submitted job 13 with external jobid 'Submitted batch job 8581536'.
