Building DAG of jobs...
Using shell: /bin/bash
Provided cores: 1 (use --cores to define parallelism)
Rules claiming more threads will be scaled down.
Job counts:
	count	jobs
	1	aggregate_gwas
	2	gwas_no_correction
	3

[Wed Jan 27 14:42:49 2021]
rule gwas_no_correction:
    input: output/Simulate_Genotypes/4PopSplit/V1/C1/genos-gwas_common.psam, output/Simulate_Genotypes/4PopSplit/V1/C1/genos-gwas_common.afreq, output/Simulate_Phenotypes/4PopSplit/V1/C1/genos-gwas_common.phenos.txt
    output: output/Run_GWAS/4PopSplit/V1/C1/genos-gwas_common.pheno_random.glm.linear, output/Run_GWAS/4PopSplit/V1/C1/genos-gwas_common.pheno_strat.glm.linear
    jobid: 1
    wildcards: model=4PopSplit, rep=V1, config=C1

[Wed Jan 27 14:42:50 2021]
Error in rule gwas_no_correction:
    jobid: 1
    output: output/Run_GWAS/4PopSplit/V1/C1/genos-gwas_common.pheno_random.glm.linear, output/Run_GWAS/4PopSplit/V1/C1/genos-gwas_common.pheno_strat.glm.linear
    shell:
        plink2         --pfile output/Simulate_Genotypes/4PopSplit/V1/C1/genos-gwas_common         --read-freq output/Simulate_Genotypes/4PopSplit/V1/C1/genos-gwas_common.afreq         --glm         --pheno output/Simulate_Phenotypes/4PopSplit/V1/C1/genos-gwas_common.phenos.txt         --pheno-name pheno_random,pheno_strat         --out output/Run_GWAS/4PopSplit/V1/C1/genos-gwas_common
        (one of the commands exited with non-zero exit code; note that snakemake uses bash strict mode!)

Shutting down, this might take some time.
Exiting because a job execution failed. Look above for error message
Complete log: /project2/jjberg/jgblanc/polygenic_adaptation_stratification/.snakemake/log/2021-01-27T144249.564522.snakemake.log
