Building DAG of jobs...
Using shell: /bin/bash
Provided cores: 1
Rules claiming more threads will be scaled down.
Job counts:
	count	jobs
	1	get_common_snp_list
	1	get_variant_freq
	2

[Thu Jan  7 15:22:15 2021]
rule get_variant_freq:
    output: output/Simulate_Genotypes/4PopSplit/test-c1-tp.afreq, output/Simulate_Genotypes/4PopSplit/test-c1-gp.afreq
    jobid: 1

[Thu Jan  7 15:22:15 2021]
Error in rule get_variant_freq:
    jobid: 1
    output: output/Simulate_Genotypes/4PopSplit/test-c1-tp.afreq, output/Simulate_Genotypes/4PopSplit/test-c1-gp.afreq
    shell:
        
        ~/infer_mutational_bias/code/plink2 	--pfile test-c1-tp 	--freq 
	--out output/Simulate_Genotypes/4PopSplit/test-c1-tp

	~/infer_mutational_bias/code/plink2         --pfile test-c1-gp         --freq
        --out output/Simulate_Genotypes/4PopSplit/test-c1-gp
        

Shutting down, this might take some time.
Exiting because a job execution failed. Look above for error message
Complete log: /Users/jenniferblanc/polygenic_adaptation_stratification/.snakemake/log/2021-01-07T152215.325087.snakemake.log
