Building DAG of jobs...
Using shell: /bin/bash
Provided cores: 1 (use --cores to define parallelism)
Rules claiming more threads will be scaled down.
Job counts:
	count	jobs
	1	aggregate_genotypes
	2	common_snp_freq
	1	concat_vcfs
	1	convert_vcf_to_plink
	1	create_panels_4PopSplit
	1	format_VCF
	2	get_common_snp_list
	2	get_variant_freq
	2	remake_panels_with_common_snps
	1	simulate_genotypes_4popsplit
	2	split_into_test_gwas
	16

[Tue Jan 26 17:17:40 2021]
rule simulate_genotypes_4popsplit:
    output: output/Simulate_Genotypes/4PopSplit/V1/genos_0.vcf, output/Simulate_Genotypes/4PopSplit/V1/genos.pop
    jobid: 13
    wildcards: rep=V1

Terminating processes on user request, this might take some time.
[Tue Jan 26 17:18:42 2021]
Error in rule simulate_genotypes_4popsplit:
    jobid: 13
    output: output/Simulate_Genotypes/4PopSplit/V1/genos_0.vcf, output/Simulate_Genotypes/4PopSplit/V1/genos.pop
    shell:
        python code/Simulate_Genotypes/generate_genotypes_4PopSplit.py 	       --outpre output/Simulate_Genotypes/4PopSplit/V1/genos 	       --chr 20 	       --Nanc 40000 	       -a 5000 	       -b 5000 	       -c 5000 	       -d 5000
        (one of the commands exited with non-zero exit code; note that snakemake uses bash strict mode!)

Removing output files of failed job simulate_genotypes_4popsplit since they might be corrupted:
output/Simulate_Genotypes/4PopSplit/V1/genos_0.vcf
Complete log: /project2/jjberg/jgblanc/polygenic_adaptation_stratification/.snakemake/log/2021-01-26T171740.502326.snakemake.log
