Building DAG of jobs...
Using shell: /bin/bash
Provided cluster nodes: 500
Job counts:
	count	jobs
	1	all
	2	calc_prs
	2	calc_true_gv
	2	common_snp_freq
	1	concat_vcfs
	1	convert_vcf_to_plink
	1	create_panels_4PopSplit
	2	draw_effect_sizes
	20	format_VCF
	2	generate_genetic_values
	2	get_common_snp_list
	2	get_variant_freq
	2	gwas_no_correction
	2	pick_SNPS
	2	remake_panels_with_common_snps
	2	simulatate_phenotype_4PopSplit
	1	simulate_genotypes_4popsplit
	2	split_into_test_gwas
	2	test_snp_freq
	51

[Wed Jan 27 21:09:02 2021]
rule simulate_genotypes_4popsplit:
    output: output/Simulate_Genotypes/4PopSplit/V1/genos_0.vcf, output/Simulate_Genotypes/4PopSplit/V1/genos_1.vcf, output/Simulate_Genotypes/4PopSplit/V1/genos_2.vcf, output/Simulate_Genotypes/4PopSplit/V1/genos_3.vcf, output/Simulate_Genotypes/4PopSplit/V1/genos_4.vcf, output/Simulate_Genotypes/4PopSplit/V1/genos_5.vcf, output/Simulate_Genotypes/4PopSplit/V1/genos_6.vcf, output/Simulate_Genotypes/4PopSplit/V1/genos_7.vcf, output/Simulate_Genotypes/4PopSplit/V1/genos_8.vcf, output/Simulate_Genotypes/4PopSplit/V1/genos_9.vcf, output/Simulate_Genotypes/4PopSplit/V1/genos_10.vcf, output/Simulate_Genotypes/4PopSplit/V1/genos_11.vcf, output/Simulate_Genotypes/4PopSplit/V1/genos_12.vcf, output/Simulate_Genotypes/4PopSplit/V1/genos_13.vcf, output/Simulate_Genotypes/4PopSplit/V1/genos_14.vcf, output/Simulate_Genotypes/4PopSplit/V1/genos_15.vcf, output/Simulate_Genotypes/4PopSplit/V1/genos_16.vcf, output/Simulate_Genotypes/4PopSplit/V1/genos_17.vcf, output/Simulate_Genotypes/4PopSplit/V1/genos_18.vcf, output/Simulate_Genotypes/4PopSplit/V1/genos_19.vcf, output/Simulate_Genotypes/4PopSplit/V1/genos.pop
    jobid: 27
    wildcards: rep=V1

python code/Simulate_Genotypes/generate_genotypes_4PopSplit.py 	       --outpre output/Simulate_Genotypes/4PopSplit/V1/genos 	       --chr 20 	       --Nanc 40000 	       -a 5000 	       -b 5000 	       -c 5000 	       -d 5000
Submitted job 27 with external jobid 'Submitted batch job 8585271'.

[Wed Jan 27 21:09:02 2021]
rule format_VCF:
    input: output/Simulate_Genotypes/4PopSplit/V1/genos_13.vcf
    output: output/Simulate_Genotypes/4PopSplit/V1/genos_13.ids.vcf.gz
    jobid: 44
    wildcards: model=4PopSplit, rep=V1, chr=13


	      head -n6 output/Simulate_Genotypes/4PopSplit/V1/genos_13.vcf > output/Simulate_Genotypes/4PopSplit/V1/header_13.txt
	      cat output/Simulate_Genotypes/4PopSplit/V1/header_13.txt <(cat output/Simulate_Genotypes/4PopSplit/V1/genos_13.vcf | awk -v OFS="	" 'NR>6 {$3=$1"_"$2"_A_T";$4="A"; $5="T"; print ;}') | bgzip > output/Simulate_Genotypes/4PopSplit/V1/genos_13.ids.vcf.gz
	      #bcftools index output/Simulate_Genotypes/4PopSplit/V1/genos_13.ids.vcf.gz
	      rm output/Simulate_Genotypes/4PopSplit/V1/header_13.txt
	      
Submitted job 44 with external jobid 'Submitted batch job 8585272'.

[Wed Jan 27 21:09:03 2021]
rule format_VCF:
    input: output/Simulate_Genotypes/4PopSplit/V1/genos_6.vcf
    output: output/Simulate_Genotypes/4PopSplit/V1/genos_6.ids.vcf.gz
    jobid: 37
    wildcards: model=4PopSplit, rep=V1, chr=6


	      head -n6 output/Simulate_Genotypes/4PopSplit/V1/genos_6.vcf > output/Simulate_Genotypes/4PopSplit/V1/header_6.txt
	      cat output/Simulate_Genotypes/4PopSplit/V1/header_6.txt <(cat output/Simulate_Genotypes/4PopSplit/V1/genos_6.vcf | awk -v OFS="	" 'NR>6 {$3=$1"_"$2"_A_T";$4="A"; $5="T"; print ;}') | bgzip > output/Simulate_Genotypes/4PopSplit/V1/genos_6.ids.vcf.gz
	      #bcftools index output/Simulate_Genotypes/4PopSplit/V1/genos_6.ids.vcf.gz
	      rm output/Simulate_Genotypes/4PopSplit/V1/header_6.txt
	      
Submitted job 37 with external jobid 'Submitted batch job 8585273'.

[Wed Jan 27 21:09:03 2021]
rule format_VCF:
    input: output/Simulate_Genotypes/4PopSplit/V1/genos_14.vcf
    output: output/Simulate_Genotypes/4PopSplit/V1/genos_14.ids.vcf.gz
    jobid: 45
    wildcards: model=4PopSplit, rep=V1, chr=14


	      head -n6 output/Simulate_Genotypes/4PopSplit/V1/genos_14.vcf > output/Simulate_Genotypes/4PopSplit/V1/header_14.txt
	      cat output/Simulate_Genotypes/4PopSplit/V1/header_14.txt <(cat output/Simulate_Genotypes/4PopSplit/V1/genos_14.vcf | awk -v OFS="	" 'NR>6 {$3=$1"_"$2"_A_T";$4="A"; $5="T"; print ;}') | bgzip > output/Simulate_Genotypes/4PopSplit/V1/genos_14.ids.vcf.gz
	      #bcftools index output/Simulate_Genotypes/4PopSplit/V1/genos_14.ids.vcf.gz
	      rm output/Simulate_Genotypes/4PopSplit/V1/header_14.txt
	      
Submitted job 45 with external jobid 'Submitted batch job 8585274'.

[Wed Jan 27 21:09:03 2021]
rule format_VCF:
    input: output/Simulate_Genotypes/4PopSplit/V1/genos_7.vcf
    output: output/Simulate_Genotypes/4PopSplit/V1/genos_7.ids.vcf.gz
    jobid: 38
    wildcards: model=4PopSplit, rep=V1, chr=7


	      head -n6 output/Simulate_Genotypes/4PopSplit/V1/genos_7.vcf > output/Simulate_Genotypes/4PopSplit/V1/header_7.txt
	      cat output/Simulate_Genotypes/4PopSplit/V1/header_7.txt <(cat output/Simulate_Genotypes/4PopSplit/V1/genos_7.vcf | awk -v OFS="	" 'NR>6 {$3=$1"_"$2"_A_T";$4="A"; $5="T"; print ;}') | bgzip > output/Simulate_Genotypes/4PopSplit/V1/genos_7.ids.vcf.gz
	      #bcftools index output/Simulate_Genotypes/4PopSplit/V1/genos_7.ids.vcf.gz
	      rm output/Simulate_Genotypes/4PopSplit/V1/header_7.txt
	      
Submitted job 38 with external jobid 'Submitted batch job 8585275'.

[Wed Jan 27 21:09:03 2021]
rule format_VCF:
    input: output/Simulate_Genotypes/4PopSplit/V1/genos_0.vcf
    output: output/Simulate_Genotypes/4PopSplit/V1/genos_0.ids.vcf.gz
    jobid: 31
    wildcards: model=4PopSplit, rep=V1, chr=0


	      head -n6 output/Simulate_Genotypes/4PopSplit/V1/genos_0.vcf > output/Simulate_Genotypes/4PopSplit/V1/header_0.txt
	      cat output/Simulate_Genotypes/4PopSplit/V1/header_0.txt <(cat output/Simulate_Genotypes/4PopSplit/V1/genos_0.vcf | awk -v OFS="	" 'NR>6 {$3=$1"_"$2"_A_T";$4="A"; $5="T"; print ;}') | bgzip > output/Simulate_Genotypes/4PopSplit/V1/genos_0.ids.vcf.gz
	      #bcftools index output/Simulate_Genotypes/4PopSplit/V1/genos_0.ids.vcf.gz
	      rm output/Simulate_Genotypes/4PopSplit/V1/header_0.txt
	      
Submitted job 31 with external jobid 'Submitted batch job 8585276'.

[Wed Jan 27 21:09:04 2021]
rule format_VCF:
    input: output/Simulate_Genotypes/4PopSplit/V1/genos_15.vcf
    output: output/Simulate_Genotypes/4PopSplit/V1/genos_15.ids.vcf.gz
    jobid: 46
    wildcards: model=4PopSplit, rep=V1, chr=15


	      head -n6 output/Simulate_Genotypes/4PopSplit/V1/genos_15.vcf > output/Simulate_Genotypes/4PopSplit/V1/header_15.txt
	      cat output/Simulate_Genotypes/4PopSplit/V1/header_15.txt <(cat output/Simulate_Genotypes/4PopSplit/V1/genos_15.vcf | awk -v OFS="	" 'NR>6 {$3=$1"_"$2"_A_T";$4="A"; $5="T"; print ;}') | bgzip > output/Simulate_Genotypes/4PopSplit/V1/genos_15.ids.vcf.gz
	      #bcftools index output/Simulate_Genotypes/4PopSplit/V1/genos_15.ids.vcf.gz
	      rm output/Simulate_Genotypes/4PopSplit/V1/header_15.txt
	      
Submitted job 46 with external jobid 'Submitted batch job 8585277'.

[Wed Jan 27 21:09:04 2021]
rule format_VCF:
    input: output/Simulate_Genotypes/4PopSplit/V1/genos_8.vcf
    output: output/Simulate_Genotypes/4PopSplit/V1/genos_8.ids.vcf.gz
    jobid: 39
    wildcards: model=4PopSplit, rep=V1, chr=8


	      head -n6 output/Simulate_Genotypes/4PopSplit/V1/genos_8.vcf > output/Simulate_Genotypes/4PopSplit/V1/header_8.txt
	      cat output/Simulate_Genotypes/4PopSplit/V1/header_8.txt <(cat output/Simulate_Genotypes/4PopSplit/V1/genos_8.vcf | awk -v OFS="	" 'NR>6 {$3=$1"_"$2"_A_T";$4="A"; $5="T"; print ;}') | bgzip > output/Simulate_Genotypes/4PopSplit/V1/genos_8.ids.vcf.gz
	      #bcftools index output/Simulate_Genotypes/4PopSplit/V1/genos_8.ids.vcf.gz
	      rm output/Simulate_Genotypes/4PopSplit/V1/header_8.txt
	      
Submitted job 39 with external jobid 'Submitted batch job 8585278'.

[Wed Jan 27 21:09:04 2021]
rule format_VCF:
    input: output/Simulate_Genotypes/4PopSplit/V1/genos_1.vcf
    output: output/Simulate_Genotypes/4PopSplit/V1/genos_1.ids.vcf.gz
    jobid: 32
    wildcards: model=4PopSplit, rep=V1, chr=1


	      head -n6 output/Simulate_Genotypes/4PopSplit/V1/genos_1.vcf > output/Simulate_Genotypes/4PopSplit/V1/header_1.txt
	      cat output/Simulate_Genotypes/4PopSplit/V1/header_1.txt <(cat output/Simulate_Genotypes/4PopSplit/V1/genos_1.vcf | awk -v OFS="	" 'NR>6 {$3=$1"_"$2"_A_T";$4="A"; $5="T"; print ;}') | bgzip > output/Simulate_Genotypes/4PopSplit/V1/genos_1.ids.vcf.gz
	      #bcftools index output/Simulate_Genotypes/4PopSplit/V1/genos_1.ids.vcf.gz
	      rm output/Simulate_Genotypes/4PopSplit/V1/header_1.txt
	      
Submitted job 32 with external jobid 'Submitted batch job 8585279'.

[Wed Jan 27 21:09:05 2021]
rule format_VCF:
    input: output/Simulate_Genotypes/4PopSplit/V1/genos_16.vcf
    output: output/Simulate_Genotypes/4PopSplit/V1/genos_16.ids.vcf.gz
    jobid: 47
    wildcards: model=4PopSplit, rep=V1, chr=16


	      head -n6 output/Simulate_Genotypes/4PopSplit/V1/genos_16.vcf > output/Simulate_Genotypes/4PopSplit/V1/header_16.txt
	      cat output/Simulate_Genotypes/4PopSplit/V1/header_16.txt <(cat output/Simulate_Genotypes/4PopSplit/V1/genos_16.vcf | awk -v OFS="	" 'NR>6 {$3=$1"_"$2"_A_T";$4="A"; $5="T"; print ;}') | bgzip > output/Simulate_Genotypes/4PopSplit/V1/genos_16.ids.vcf.gz
	      #bcftools index output/Simulate_Genotypes/4PopSplit/V1/genos_16.ids.vcf.gz
	      rm output/Simulate_Genotypes/4PopSplit/V1/header_16.txt
	      
Submitted job 47 with external jobid 'Submitted batch job 8585280'.

[Wed Jan 27 21:09:05 2021]
rule format_VCF:
    input: output/Simulate_Genotypes/4PopSplit/V1/genos_9.vcf
    output: output/Simulate_Genotypes/4PopSplit/V1/genos_9.ids.vcf.gz
    jobid: 40
    wildcards: model=4PopSplit, rep=V1, chr=9


	      head -n6 output/Simulate_Genotypes/4PopSplit/V1/genos_9.vcf > output/Simulate_Genotypes/4PopSplit/V1/header_9.txt
	      cat output/Simulate_Genotypes/4PopSplit/V1/header_9.txt <(cat output/Simulate_Genotypes/4PopSplit/V1/genos_9.vcf | awk -v OFS="	" 'NR>6 {$3=$1"_"$2"_A_T";$4="A"; $5="T"; print ;}') | bgzip > output/Simulate_Genotypes/4PopSplit/V1/genos_9.ids.vcf.gz
	      #bcftools index output/Simulate_Genotypes/4PopSplit/V1/genos_9.ids.vcf.gz
	      rm output/Simulate_Genotypes/4PopSplit/V1/header_9.txt
	      
Submitted job 40 with external jobid 'Submitted batch job 8585281'.

[Wed Jan 27 21:09:05 2021]
rule format_VCF:
    input: output/Simulate_Genotypes/4PopSplit/V1/genos_2.vcf
    output: output/Simulate_Genotypes/4PopSplit/V1/genos_2.ids.vcf.gz
    jobid: 33
    wildcards: model=4PopSplit, rep=V1, chr=2


	      head -n6 output/Simulate_Genotypes/4PopSplit/V1/genos_2.vcf > output/Simulate_Genotypes/4PopSplit/V1/header_2.txt
	      cat output/Simulate_Genotypes/4PopSplit/V1/header_2.txt <(cat output/Simulate_Genotypes/4PopSplit/V1/genos_2.vcf | awk -v OFS="	" 'NR>6 {$3=$1"_"$2"_A_T";$4="A"; $5="T"; print ;}') | bgzip > output/Simulate_Genotypes/4PopSplit/V1/genos_2.ids.vcf.gz
	      #bcftools index output/Simulate_Genotypes/4PopSplit/V1/genos_2.ids.vcf.gz
	      rm output/Simulate_Genotypes/4PopSplit/V1/header_2.txt
	      
Submitted job 33 with external jobid 'Submitted batch job 8585282'.

[Wed Jan 27 21:09:06 2021]
rule format_VCF:
    input: output/Simulate_Genotypes/4PopSplit/V1/genos_17.vcf
    output: output/Simulate_Genotypes/4PopSplit/V1/genos_17.ids.vcf.gz
    jobid: 48
    wildcards: model=4PopSplit, rep=V1, chr=17


	      head -n6 output/Simulate_Genotypes/4PopSplit/V1/genos_17.vcf > output/Simulate_Genotypes/4PopSplit/V1/header_17.txt
	      cat output/Simulate_Genotypes/4PopSplit/V1/header_17.txt <(cat output/Simulate_Genotypes/4PopSplit/V1/genos_17.vcf | awk -v OFS="	" 'NR>6 {$3=$1"_"$2"_A_T";$4="A"; $5="T"; print ;}') | bgzip > output/Simulate_Genotypes/4PopSplit/V1/genos_17.ids.vcf.gz
	      #bcftools index output/Simulate_Genotypes/4PopSplit/V1/genos_17.ids.vcf.gz
	      rm output/Simulate_Genotypes/4PopSplit/V1/header_17.txt
	      
Submitted job 48 with external jobid 'Submitted batch job 8585283'.

[Wed Jan 27 21:09:06 2021]
rule format_VCF:
    input: output/Simulate_Genotypes/4PopSplit/V1/genos_10.vcf
    output: output/Simulate_Genotypes/4PopSplit/V1/genos_10.ids.vcf.gz
    jobid: 41
    wildcards: model=4PopSplit, rep=V1, chr=10


	      head -n6 output/Simulate_Genotypes/4PopSplit/V1/genos_10.vcf > output/Simulate_Genotypes/4PopSplit/V1/header_10.txt
	      cat output/Simulate_Genotypes/4PopSplit/V1/header_10.txt <(cat output/Simulate_Genotypes/4PopSplit/V1/genos_10.vcf | awk -v OFS="	" 'NR>6 {$3=$1"_"$2"_A_T";$4="A"; $5="T"; print ;}') | bgzip > output/Simulate_Genotypes/4PopSplit/V1/genos_10.ids.vcf.gz
	      #bcftools index output/Simulate_Genotypes/4PopSplit/V1/genos_10.ids.vcf.gz
	      rm output/Simulate_Genotypes/4PopSplit/V1/header_10.txt
	      
Submitted job 41 with external jobid 'Submitted batch job 8585284'.

[Wed Jan 27 21:09:06 2021]
rule format_VCF:
    input: output/Simulate_Genotypes/4PopSplit/V1/genos_3.vcf
    output: output/Simulate_Genotypes/4PopSplit/V1/genos_3.ids.vcf.gz
    jobid: 34
    wildcards: model=4PopSplit, rep=V1, chr=3


	      head -n6 output/Simulate_Genotypes/4PopSplit/V1/genos_3.vcf > output/Simulate_Genotypes/4PopSplit/V1/header_3.txt
	      cat output/Simulate_Genotypes/4PopSplit/V1/header_3.txt <(cat output/Simulate_Genotypes/4PopSplit/V1/genos_3.vcf | awk -v OFS="	" 'NR>6 {$3=$1"_"$2"_A_T";$4="A"; $5="T"; print ;}') | bgzip > output/Simulate_Genotypes/4PopSplit/V1/genos_3.ids.vcf.gz
	      #bcftools index output/Simulate_Genotypes/4PopSplit/V1/genos_3.ids.vcf.gz
	      rm output/Simulate_Genotypes/4PopSplit/V1/header_3.txt
	      
Submitted job 34 with external jobid 'Submitted batch job 8585285'.

[Wed Jan 27 21:09:07 2021]
rule format_VCF:
    input: output/Simulate_Genotypes/4PopSplit/V1/genos_18.vcf
    output: output/Simulate_Genotypes/4PopSplit/V1/genos_18.ids.vcf.gz
    jobid: 49
    wildcards: model=4PopSplit, rep=V1, chr=18


	      head -n6 output/Simulate_Genotypes/4PopSplit/V1/genos_18.vcf > output/Simulate_Genotypes/4PopSplit/V1/header_18.txt
	      cat output/Simulate_Genotypes/4PopSplit/V1/header_18.txt <(cat output/Simulate_Genotypes/4PopSplit/V1/genos_18.vcf | awk -v OFS="	" 'NR>6 {$3=$1"_"$2"_A_T";$4="A"; $5="T"; print ;}') | bgzip > output/Simulate_Genotypes/4PopSplit/V1/genos_18.ids.vcf.gz
	      #bcftools index output/Simulate_Genotypes/4PopSplit/V1/genos_18.ids.vcf.gz
	      rm output/Simulate_Genotypes/4PopSplit/V1/header_18.txt
	      
Submitted job 49 with external jobid 'Submitted batch job 8585286'.

[Wed Jan 27 21:09:07 2021]
rule create_panels_4PopSplit:
    input: output/Simulate_Genotypes/4PopSplit/V1/genos.pop
    output: output/Simulate_Genotypes/4PopSplit/V1/C1/ids.gwas, output/Simulate_Genotypes/4PopSplit/V1/C1/ids.test, output/Simulate_Genotypes/4PopSplit/V1/C2/ids.gwas, output/Simulate_Genotypes/4PopSplit/V1/C2/ids.test
    jobid: 22
    wildcards: model=4PopSplit, rep=V1

Submitted job 22 with external jobid 'Submitted batch job 8585287'.

[Wed Jan 27 21:09:07 2021]
rule format_VCF:
    input: output/Simulate_Genotypes/4PopSplit/V1/genos_11.vcf
    output: output/Simulate_Genotypes/4PopSplit/V1/genos_11.ids.vcf.gz
    jobid: 42
    wildcards: model=4PopSplit, rep=V1, chr=11


	      head -n6 output/Simulate_Genotypes/4PopSplit/V1/genos_11.vcf > output/Simulate_Genotypes/4PopSplit/V1/header_11.txt
	      cat output/Simulate_Genotypes/4PopSplit/V1/header_11.txt <(cat output/Simulate_Genotypes/4PopSplit/V1/genos_11.vcf | awk -v OFS="	" 'NR>6 {$3=$1"_"$2"_A_T";$4="A"; $5="T"; print ;}') | bgzip > output/Simulate_Genotypes/4PopSplit/V1/genos_11.ids.vcf.gz
	      #bcftools index output/Simulate_Genotypes/4PopSplit/V1/genos_11.ids.vcf.gz
	      rm output/Simulate_Genotypes/4PopSplit/V1/header_11.txt
	      
Submitted job 42 with external jobid 'Submitted batch job 8585288'.

[Wed Jan 27 21:09:07 2021]
rule format_VCF:
    input: output/Simulate_Genotypes/4PopSplit/V1/genos_4.vcf
    output: output/Simulate_Genotypes/4PopSplit/V1/genos_4.ids.vcf.gz
    jobid: 35
    wildcards: model=4PopSplit, rep=V1, chr=4


	      head -n6 output/Simulate_Genotypes/4PopSplit/V1/genos_4.vcf > output/Simulate_Genotypes/4PopSplit/V1/header_4.txt
	      cat output/Simulate_Genotypes/4PopSplit/V1/header_4.txt <(cat output/Simulate_Genotypes/4PopSplit/V1/genos_4.vcf | awk -v OFS="	" 'NR>6 {$3=$1"_"$2"_A_T";$4="A"; $5="T"; print ;}') | bgzip > output/Simulate_Genotypes/4PopSplit/V1/genos_4.ids.vcf.gz
	      #bcftools index output/Simulate_Genotypes/4PopSplit/V1/genos_4.ids.vcf.gz
	      rm output/Simulate_Genotypes/4PopSplit/V1/header_4.txt
	      
Submitted job 35 with external jobid 'Submitted batch job 8585289'.

[Wed Jan 27 21:09:08 2021]
rule format_VCF:
    input: output/Simulate_Genotypes/4PopSplit/V1/genos_19.vcf
    output: output/Simulate_Genotypes/4PopSplit/V1/genos_19.ids.vcf.gz
    jobid: 50
    wildcards: model=4PopSplit, rep=V1, chr=19


	      head -n6 output/Simulate_Genotypes/4PopSplit/V1/genos_19.vcf > output/Simulate_Genotypes/4PopSplit/V1/header_19.txt
	      cat output/Simulate_Genotypes/4PopSplit/V1/header_19.txt <(cat output/Simulate_Genotypes/4PopSplit/V1/genos_19.vcf | awk -v OFS="	" 'NR>6 {$3=$1"_"$2"_A_T";$4="A"; $5="T"; print ;}') | bgzip > output/Simulate_Genotypes/4PopSplit/V1/genos_19.ids.vcf.gz
	      #bcftools index output/Simulate_Genotypes/4PopSplit/V1/genos_19.ids.vcf.gz
	      rm output/Simulate_Genotypes/4PopSplit/V1/header_19.txt
	      
Submitted job 50 with external jobid 'Submitted batch job 8585290'.

[Wed Jan 27 21:09:08 2021]
rule format_VCF:
    input: output/Simulate_Genotypes/4PopSplit/V1/genos_12.vcf
    output: output/Simulate_Genotypes/4PopSplit/V1/genos_12.ids.vcf.gz
    jobid: 43
    wildcards: model=4PopSplit, rep=V1, chr=12


	      head -n6 output/Simulate_Genotypes/4PopSplit/V1/genos_12.vcf > output/Simulate_Genotypes/4PopSplit/V1/header_12.txt
	      cat output/Simulate_Genotypes/4PopSplit/V1/header_12.txt <(cat output/Simulate_Genotypes/4PopSplit/V1/genos_12.vcf | awk -v OFS="	" 'NR>6 {$3=$1"_"$2"_A_T";$4="A"; $5="T"; print ;}') | bgzip > output/Simulate_Genotypes/4PopSplit/V1/genos_12.ids.vcf.gz
	      #bcftools index output/Simulate_Genotypes/4PopSplit/V1/genos_12.ids.vcf.gz
	      rm output/Simulate_Genotypes/4PopSplit/V1/header_12.txt
	      
Submitted job 43 with external jobid 'Submitted batch job 8585291'.

[Wed Jan 27 21:09:08 2021]
rule format_VCF:
    input: output/Simulate_Genotypes/4PopSplit/V1/genos_5.vcf
    output: output/Simulate_Genotypes/4PopSplit/V1/genos_5.ids.vcf.gz
    jobid: 36
    wildcards: model=4PopSplit, rep=V1, chr=5


	      head -n6 output/Simulate_Genotypes/4PopSplit/V1/genos_5.vcf > output/Simulate_Genotypes/4PopSplit/V1/header_5.txt
	      cat output/Simulate_Genotypes/4PopSplit/V1/header_5.txt <(cat output/Simulate_Genotypes/4PopSplit/V1/genos_5.vcf | awk -v OFS="	" 'NR>6 {$3=$1"_"$2"_A_T";$4="A"; $5="T"; print ;}') | bgzip > output/Simulate_Genotypes/4PopSplit/V1/genos_5.ids.vcf.gz
	      #bcftools index output/Simulate_Genotypes/4PopSplit/V1/genos_5.ids.vcf.gz
	      rm output/Simulate_Genotypes/4PopSplit/V1/header_5.txt
	      
Submitted job 36 with external jobid 'Submitted batch job 8585292'.

[Wed Jan 27 21:09:09 2021]
rule concat_vcfs:
    input: output/Simulate_Genotypes/4PopSplit/V1/genos_0.ids.vcf.gz, output/Simulate_Genotypes/4PopSplit/V1/genos_1.ids.vcf.gz, output/Simulate_Genotypes/4PopSplit/V1/genos_2.ids.vcf.gz, output/Simulate_Genotypes/4PopSplit/V1/genos_3.ids.vcf.gz, output/Simulate_Genotypes/4PopSplit/V1/genos_4.ids.vcf.gz, output/Simulate_Genotypes/4PopSplit/V1/genos_5.ids.vcf.gz, output/Simulate_Genotypes/4PopSplit/V1/genos_6.ids.vcf.gz, output/Simulate_Genotypes/4PopSplit/V1/genos_7.ids.vcf.gz, output/Simulate_Genotypes/4PopSplit/V1/genos_8.ids.vcf.gz, output/Simulate_Genotypes/4PopSplit/V1/genos_9.ids.vcf.gz, output/Simulate_Genotypes/4PopSplit/V1/genos_10.ids.vcf.gz, output/Simulate_Genotypes/4PopSplit/V1/genos_11.ids.vcf.gz, output/Simulate_Genotypes/4PopSplit/V1/genos_12.ids.vcf.gz, output/Simulate_Genotypes/4PopSplit/V1/genos_13.ids.vcf.gz, output/Simulate_Genotypes/4PopSplit/V1/genos_14.ids.vcf.gz, output/Simulate_Genotypes/4PopSplit/V1/genos_15.ids.vcf.gz, output/Simulate_Genotypes/4PopSplit/V1/genos_16.ids.vcf.gz, output/Simulate_Genotypes/4PopSplit/V1/genos_17.ids.vcf.gz, output/Simulate_Genotypes/4PopSplit/V1/genos_18.ids.vcf.gz, output/Simulate_Genotypes/4PopSplit/V1/genos_19.ids.vcf.gz
    output: output/Simulate_Genotypes/4PopSplit/V1/genos.ids.vcf.gz
    jobid: 28
    wildcards: model=4PopSplit, rep=V1

bcftools concat output/Simulate_Genotypes/4PopSplit/V1/genos_0.ids.vcf.gz output/Simulate_Genotypes/4PopSplit/V1/genos_1.ids.vcf.gz output/Simulate_Genotypes/4PopSplit/V1/genos_2.ids.vcf.gz output/Simulate_Genotypes/4PopSplit/V1/genos_3.ids.vcf.gz output/Simulate_Genotypes/4PopSplit/V1/genos_4.ids.vcf.gz output/Simulate_Genotypes/4PopSplit/V1/genos_5.ids.vcf.gz output/Simulate_Genotypes/4PopSplit/V1/genos_6.ids.vcf.gz output/Simulate_Genotypes/4PopSplit/V1/genos_7.ids.vcf.gz output/Simulate_Genotypes/4PopSplit/V1/genos_8.ids.vcf.gz output/Simulate_Genotypes/4PopSplit/V1/genos_9.ids.vcf.gz output/Simulate_Genotypes/4PopSplit/V1/genos_10.ids.vcf.gz output/Simulate_Genotypes/4PopSplit/V1/genos_11.ids.vcf.gz output/Simulate_Genotypes/4PopSplit/V1/genos_12.ids.vcf.gz output/Simulate_Genotypes/4PopSplit/V1/genos_13.ids.vcf.gz output/Simulate_Genotypes/4PopSplit/V1/genos_14.ids.vcf.gz output/Simulate_Genotypes/4PopSplit/V1/genos_15.ids.vcf.gz output/Simulate_Genotypes/4PopSplit/V1/genos_16.ids.vcf.gz output/Simulate_Genotypes/4PopSplit/V1/genos_17.ids.vcf.gz output/Simulate_Genotypes/4PopSplit/V1/genos_18.ids.vcf.gz output/Simulate_Genotypes/4PopSplit/V1/genos_19.ids.vcf.gz -o output/Simulate_Genotypes/4PopSplit/V1/genos.ids.vcf.gz -O z
Submitted job 28 with external jobid 'Submitted batch job 8585293'.

[Wed Jan 27 21:09:09 2021]
rule convert_vcf_to_plink:
    input: output/Simulate_Genotypes/4PopSplit/V1/genos.ids.vcf.gz
    output: output/Simulate_Genotypes/4PopSplit/V1/genos.psam, output/Simulate_Genotypes/4PopSplit/V1/genos.pgen, output/Simulate_Genotypes/4PopSplit/V1/genos.pvar
    jobid: 23
    wildcards: model=4PopSplit, rep=V1

plink2         --double-id         --make-pgen         --out output/Simulate_Genotypes/4PopSplit/V1/genos         --vcf output/Simulate_Genotypes/4PopSplit/V1/genos.ids.vcf.gz
Submitted job 23 with external jobid 'Submitted batch job 8585294'.

[Wed Jan 27 21:09:09 2021]
rule split_into_test_gwas:
    input: output/Simulate_Genotypes/4PopSplit/V1/C2/ids.gwas, output/Simulate_Genotypes/4PopSplit/V1/C2/ids.test, output/Simulate_Genotypes/4PopSplit/V1/genos.psam, output/Simulate_Genotypes/4PopSplit/V1/genos.pvar, output/Simulate_Genotypes/4PopSplit/V1/genos.pgen
    output: output/Simulate_Genotypes/4PopSplit/V1/C2/genos-test.psam, output/Simulate_Genotypes/4PopSplit/V1/C2/genos-test.pgen, output/Simulate_Genotypes/4PopSplit/V1/C2/genos-test.pvar, output/Simulate_Genotypes/4PopSplit/V1/C2/genos-gwas.psam, output/Simulate_Genotypes/4PopSplit/V1/C2/genos-gwas.pgen, output/Simulate_Genotypes/4PopSplit/V1/C2/genos-gwas.pvar
    jobid: 17
    wildcards: model=4PopSplit, rep=V1, config=C2


	      plink2 	      --keep output/Simulate_Genotypes/4PopSplit/V1/C2/ids.gwas 	      --make-pgen 	      --out output/Simulate_Genotypes/4PopSplit/V1/C2/genos-gwas 	      --pfile output/Simulate_Genotypes/4PopSplit/V1/genos 	      --rm-dup exclude-all

        plink2         --keep output/Simulate_Genotypes/4PopSplit/V1/C2/ids.test         --make-pgen         --out output/Simulate_Genotypes/4PopSplit/V1/C2/genos-test         --pfile output/Simulate_Genotypes/4PopSplit/V1/genos 	      --rm-dup exclude-all
	      
Submitted job 17 with external jobid 'Submitted batch job 8585295'.

[Wed Jan 27 21:09:10 2021]
rule split_into_test_gwas:
    input: output/Simulate_Genotypes/4PopSplit/V1/C1/ids.gwas, output/Simulate_Genotypes/4PopSplit/V1/C1/ids.test, output/Simulate_Genotypes/4PopSplit/V1/genos.psam, output/Simulate_Genotypes/4PopSplit/V1/genos.pvar, output/Simulate_Genotypes/4PopSplit/V1/genos.pgen
    output: output/Simulate_Genotypes/4PopSplit/V1/C1/genos-test.psam, output/Simulate_Genotypes/4PopSplit/V1/C1/genos-test.pgen, output/Simulate_Genotypes/4PopSplit/V1/C1/genos-test.pvar, output/Simulate_Genotypes/4PopSplit/V1/C1/genos-gwas.psam, output/Simulate_Genotypes/4PopSplit/V1/C1/genos-gwas.pgen, output/Simulate_Genotypes/4PopSplit/V1/C1/genos-gwas.pvar
    jobid: 14
    wildcards: model=4PopSplit, rep=V1, config=C1


	      plink2 	      --keep output/Simulate_Genotypes/4PopSplit/V1/C1/ids.gwas 	      --make-pgen 	      --out output/Simulate_Genotypes/4PopSplit/V1/C1/genos-gwas 	      --pfile output/Simulate_Genotypes/4PopSplit/V1/genos 	      --rm-dup exclude-all

        plink2         --keep output/Simulate_Genotypes/4PopSplit/V1/C1/ids.test         --make-pgen         --out output/Simulate_Genotypes/4PopSplit/V1/C1/genos-test         --pfile output/Simulate_Genotypes/4PopSplit/V1/genos 	      --rm-dup exclude-all
	      
Submitted job 14 with external jobid 'Submitted batch job 8585296'.

[Wed Jan 27 21:09:11 2021]
rule get_variant_freq:
    input: output/Simulate_Genotypes/4PopSplit/V1/C2/genos-test.psam, output/Simulate_Genotypes/4PopSplit/V1/C2/genos-test.pvar, output/Simulate_Genotypes/4PopSplit/V1/C2/genos-test.pgen
    output: output/Simulate_Genotypes/4PopSplit/V1/C2/genos-test.afreq, output/Simulate_Genotypes/4PopSplit/V1/C2/genos-gwas.afreq
    jobid: 25
    wildcards: model=4PopSplit, rep=V1, config=C2


        plink2 	      --pfile output/Simulate_Genotypes/4PopSplit/V1/C2/genos-test 	      --freq 	      --out output/Simulate_Genotypes/4PopSplit/V1/C2/genos-test

	      plink2         --pfile output/Simulate_Genotypes/4PopSplit/V1/C2/genos-gwas         --freq         --out output/Simulate_Genotypes/4PopSplit/V1/C2/genos-gwas
        
Submitted job 25 with external jobid 'Submitted batch job 8585297'.

[Wed Jan 27 21:09:11 2021]
rule get_variant_freq:
    input: output/Simulate_Genotypes/4PopSplit/V1/C1/genos-test.psam, output/Simulate_Genotypes/4PopSplit/V1/C1/genos-test.pvar, output/Simulate_Genotypes/4PopSplit/V1/C1/genos-test.pgen
    output: output/Simulate_Genotypes/4PopSplit/V1/C1/genos-test.afreq, output/Simulate_Genotypes/4PopSplit/V1/C1/genos-gwas.afreq
    jobid: 21
    wildcards: model=4PopSplit, rep=V1, config=C1


        plink2 	      --pfile output/Simulate_Genotypes/4PopSplit/V1/C1/genos-test 	      --freq 	      --out output/Simulate_Genotypes/4PopSplit/V1/C1/genos-test

	      plink2         --pfile output/Simulate_Genotypes/4PopSplit/V1/C1/genos-gwas         --freq         --out output/Simulate_Genotypes/4PopSplit/V1/C1/genos-gwas
        
Submitted job 21 with external jobid 'Submitted batch job 8585298'.

[Wed Jan 27 21:09:12 2021]
rule get_common_snp_list:
    input: output/Simulate_Genotypes/4PopSplit/V1/C2/genos-test.afreq, output/Simulate_Genotypes/4PopSplit/V1/C2/genos-gwas.afreq
    output: output/Simulate_Genotypes/4PopSplit/V1/C2/common_snp_ids.txt
    jobid: 16
    wildcards: model=4PopSplit, rep=V1, config=C2

Submitted job 16 with external jobid 'Submitted batch job 8585299'.

[Wed Jan 27 21:09:12 2021]
rule get_common_snp_list:
    input: output/Simulate_Genotypes/4PopSplit/V1/C1/genos-test.afreq, output/Simulate_Genotypes/4PopSplit/V1/C1/genos-gwas.afreq
    output: output/Simulate_Genotypes/4PopSplit/V1/C1/common_snp_ids.txt
    jobid: 13
    wildcards: model=4PopSplit, rep=V1, config=C1

Submitted job 13 with external jobid 'Submitted batch job 8585300'.

[Wed Jan 27 21:09:12 2021]
rule remake_panels_with_common_snps:
    input: output/Simulate_Genotypes/4PopSplit/V1/C1/common_snp_ids.txt, output/Simulate_Genotypes/4PopSplit/V1/C1/genos-test.psam, output/Simulate_Genotypes/4PopSplit/V1/C1/genos-test.pvar, output/Simulate_Genotypes/4PopSplit/V1/C1/genos-test.pgen, output/Simulate_Genotypes/4PopSplit/V1/C1/genos-gwas.psam, output/Simulate_Genotypes/4PopSplit/V1/C1/genos-gwas.pvar, output/Simulate_Genotypes/4PopSplit/V1/C1/genos-gwas.pgen
    output: output/Simulate_Genotypes/4PopSplit/V1/C1/genos-test_common.psam, output/Simulate_Genotypes/4PopSplit/V1/C1/genos-test_common.pvar, output/Simulate_Genotypes/4PopSplit/V1/C1/genos-test_common.pgen, output/Simulate_Genotypes/4PopSplit/V1/C1/genos-gwas_common.psam, output/Simulate_Genotypes/4PopSplit/V1/C1/genos-gwas_common.pvar, output/Simulate_Genotypes/4PopSplit/V1/C1/genos-gwas_common.pgen
    jobid: 5
    wildcards: model=4PopSplit, rep=V1, config=C1


        plink2         --pfile output/Simulate_Genotypes/4PopSplit/V1/C1/genos-test         --extract output/Simulate_Genotypes/4PopSplit/V1/C1/common_snp_ids.txt         --out output/Simulate_Genotypes/4PopSplit/V1/C1/genos-test_common 	      --make-pgen

        plink2         --pfile output/Simulate_Genotypes/4PopSplit/V1/C1/genos-gwas         --extract output/Simulate_Genotypes/4PopSplit/V1/C1/common_snp_ids.txt         --out output/Simulate_Genotypes/4PopSplit/V1/C1/genos-gwas_common 	      --make-pgen
        
Submitted job 5 with external jobid 'Submitted batch job 8585301'.

[Wed Jan 27 21:09:13 2021]
rule remake_panels_with_common_snps:
    input: output/Simulate_Genotypes/4PopSplit/V1/C2/common_snp_ids.txt, output/Simulate_Genotypes/4PopSplit/V1/C2/genos-test.psam, output/Simulate_Genotypes/4PopSplit/V1/C2/genos-test.pvar, output/Simulate_Genotypes/4PopSplit/V1/C2/genos-test.pgen, output/Simulate_Genotypes/4PopSplit/V1/C2/genos-gwas.psam, output/Simulate_Genotypes/4PopSplit/V1/C2/genos-gwas.pvar, output/Simulate_Genotypes/4PopSplit/V1/C2/genos-gwas.pgen
    output: output/Simulate_Genotypes/4PopSplit/V1/C2/genos-test_common.psam, output/Simulate_Genotypes/4PopSplit/V1/C2/genos-test_common.pvar, output/Simulate_Genotypes/4PopSplit/V1/C2/genos-test_common.pgen, output/Simulate_Genotypes/4PopSplit/V1/C2/genos-gwas_common.psam, output/Simulate_Genotypes/4PopSplit/V1/C2/genos-gwas_common.pvar, output/Simulate_Genotypes/4PopSplit/V1/C2/genos-gwas_common.pgen
    jobid: 8
    wildcards: model=4PopSplit, rep=V1, config=C2


        plink2         --pfile output/Simulate_Genotypes/4PopSplit/V1/C2/genos-test         --extract output/Simulate_Genotypes/4PopSplit/V1/C2/common_snp_ids.txt         --out output/Simulate_Genotypes/4PopSplit/V1/C2/genos-test_common 	      --make-pgen

        plink2         --pfile output/Simulate_Genotypes/4PopSplit/V1/C2/genos-gwas         --extract output/Simulate_Genotypes/4PopSplit/V1/C2/common_snp_ids.txt         --out output/Simulate_Genotypes/4PopSplit/V1/C2/genos-gwas_common 	      --make-pgen
        
Submitted job 8 with external jobid 'Submitted batch job 8585302'.

[Wed Jan 27 21:09:13 2021]
rule common_snp_freq:
    input: output/Simulate_Genotypes/4PopSplit/V1/C1/genos-gwas_common.psam, output/Simulate_Genotypes/4PopSplit/V1/C1/genos-gwas_common.pvar, output/Simulate_Genotypes/4PopSplit/V1/C1/genos-gwas_common.pgen
    output: output/Simulate_Genotypes/4PopSplit/V1/C1/genos-gwas_common.afreq
    jobid: 19
    wildcards: model=4PopSplit, rep=V1, config=C1

plink2 	      --pfile output/Simulate_Genotypes/4PopSplit/V1/C1/genos-gwas_common 	      --out output/Simulate_Genotypes/4PopSplit/V1/C1/genos-gwas_common 	      --freq
Submitted job 19 with external jobid 'Submitted batch job 8585303'.

[Wed Jan 27 21:09:13 2021]
rule test_snp_freq:
    input: output/Simulate_Genotypes/4PopSplit/V1/C1/genos-test_common.psam, output/Simulate_Genotypes/4PopSplit/V1/C1/genos-test_common.pvar, output/Simulate_Genotypes/4PopSplit/V1/C1/genos-test_common.pgen
    output: output/Simulate_Genotypes/4PopSplit/V1/C1/genos-test_common.afreq
    jobid: 7
    wildcards: model=4PopSplit, rep=V1, config=C1

plink2 	      --pfile output/Simulate_Genotypes/4PopSplit/V1/C1/genos-test_common 	      --out output/Simulate_Genotypes/4PopSplit/V1/C1/genos-test_common 	      --freq
Submitted job 7 with external jobid 'Submitted batch job 8585304'.

[Wed Jan 27 21:09:14 2021]
rule common_snp_freq:
    input: output/Simulate_Genotypes/4PopSplit/V1/C2/genos-gwas_common.psam, output/Simulate_Genotypes/4PopSplit/V1/C2/genos-gwas_common.pvar, output/Simulate_Genotypes/4PopSplit/V1/C2/genos-gwas_common.pgen
    output: output/Simulate_Genotypes/4PopSplit/V1/C2/genos-gwas_common.afreq
    jobid: 20
    wildcards: model=4PopSplit, rep=V1, config=C2

plink2 	      --pfile output/Simulate_Genotypes/4PopSplit/V1/C2/genos-gwas_common 	      --out output/Simulate_Genotypes/4PopSplit/V1/C2/genos-gwas_common 	      --freq
Submitted job 20 with external jobid 'Submitted batch job 8585305'.

[Wed Jan 27 21:09:14 2021]
rule test_snp_freq:
    input: output/Simulate_Genotypes/4PopSplit/V1/C2/genos-test_common.psam, output/Simulate_Genotypes/4PopSplit/V1/C2/genos-test_common.pvar, output/Simulate_Genotypes/4PopSplit/V1/C2/genos-test_common.pgen
    output: output/Simulate_Genotypes/4PopSplit/V1/C2/genos-test_common.afreq
    jobid: 10
    wildcards: model=4PopSplit, rep=V1, config=C2

plink2 	      --pfile output/Simulate_Genotypes/4PopSplit/V1/C2/genos-test_common 	      --out output/Simulate_Genotypes/4PopSplit/V1/C2/genos-test_common 	      --freq
Submitted job 10 with external jobid 'Submitted batch job 8585306'.

[Wed Jan 27 21:09:14 2021]
rule draw_effect_sizes:
    input: output/Simulate_Genotypes/4PopSplit/V1/C2/genos-gwas_common.afreq
    output: output/Simulate_Phenotypes/4PopSplit/V1/C2/genos-gwas_common.effects.txt
    jobid: 12
    wildcards: model=4PopSplit, rep=V1, config=C2

Rscript code/Simulate_Phenotypes/simgeffects.R output/Simulate_Genotypes/4PopSplit/V1/C2/genos-gwas_common.afreq output/Simulate_Phenotypes/4PopSplit/V1/C2/genos-gwas_common.effects.txt 0.8 0.4 12
Submitted job 12 with external jobid 'Submitted batch job 8585307'.

[Wed Jan 27 21:09:14 2021]
rule draw_effect_sizes:
    input: output/Simulate_Genotypes/4PopSplit/V1/C1/genos-gwas_common.afreq
    output: output/Simulate_Phenotypes/4PopSplit/V1/C1/genos-gwas_common.effects.txt
    jobid: 11
    wildcards: model=4PopSplit, rep=V1, config=C1

Rscript code/Simulate_Phenotypes/simgeffects.R output/Simulate_Genotypes/4PopSplit/V1/C1/genos-gwas_common.afreq output/Simulate_Phenotypes/4PopSplit/V1/C1/genos-gwas_common.effects.txt 0.8 0.4 12
Submitted job 11 with external jobid 'Submitted batch job 8585308'.

[Wed Jan 27 21:09:15 2021]
rule generate_genetic_values:
    input: output/Simulate_Genotypes/4PopSplit/V1/C1/genos-gwas_common.psam, output/Simulate_Genotypes/4PopSplit/V1/C1/genos-gwas_common.pvar, output/Simulate_Genotypes/4PopSplit/V1/C1/genos-gwas_common.pgen, output/Simulate_Phenotypes/4PopSplit/V1/C1/genos-gwas_common.effects.txt
    output: output/Simulate_Phenotypes/4PopSplit/V1/C1/genos-gwas_common.gvalue.sscore
    jobid: 29
    wildcards: model=4PopSplit, rep=V1, config=C1

plink2 	      --pfile output/Simulate_Genotypes/4PopSplit/V1/C1/genos-gwas_common 	      --out output/Simulate_Phenotypes/4PopSplit/V1/C1/genos-gwas_common.gvalue 	      --score output/Simulate_Phenotypes/4PopSplit/V1/C1/genos-gwas_common.effects.txt cols=dosagesum,scoresums
Submitted job 29 with external jobid 'Submitted batch job 8585309'.

[Wed Jan 27 21:09:15 2021]
rule generate_genetic_values:
    input: output/Simulate_Genotypes/4PopSplit/V1/C2/genos-gwas_common.psam, output/Simulate_Genotypes/4PopSplit/V1/C2/genos-gwas_common.pvar, output/Simulate_Genotypes/4PopSplit/V1/C2/genos-gwas_common.pgen, output/Simulate_Phenotypes/4PopSplit/V1/C2/genos-gwas_common.effects.txt
    output: output/Simulate_Phenotypes/4PopSplit/V1/C2/genos-gwas_common.gvalue.sscore
    jobid: 30
    wildcards: model=4PopSplit, rep=V1, config=C2

plink2 	      --pfile output/Simulate_Genotypes/4PopSplit/V1/C2/genos-gwas_common 	      --out output/Simulate_Phenotypes/4PopSplit/V1/C2/genos-gwas_common.gvalue 	      --score output/Simulate_Phenotypes/4PopSplit/V1/C2/genos-gwas_common.effects.txt cols=dosagesum,scoresums
Submitted job 30 with external jobid 'Submitted batch job 8585310'.

[Wed Jan 27 21:09:15 2021]
rule calc_true_gv:
    input: output/Simulate_Genotypes/4PopSplit/V1/C1/genos-test_common.psam, output/Simulate_Phenotypes/4PopSplit/V1/C1/genos-gwas_common.effects.txt, output/Simulate_Genotypes/4PopSplit/V1/C1/genos-test_common.afreq
    output: output/PRS/4PopSplit/V1/C1/genos-test_common.true.sscore
    jobid: 3
    wildcards: model=4PopSplit, rep=V1, config=C1


        plink2         --pfile output/Simulate_Genotypes/4PopSplit/V1/C1/genos-test_common         --read-freq output/Simulate_Genotypes/4PopSplit/V1/C1/genos-test_common.afreq         --score output/Simulate_Phenotypes/4PopSplit/V1/C1/genos-gwas_common.effects.txt cols=dosagesum,scoresums         --out output/PRS/4PopSplit/V1/C1/genos-test_common.true         
Submitted job 3 with external jobid 'Submitted batch job 8585311'.

[Wed Jan 27 21:09:16 2021]
rule calc_true_gv:
    input: output/Simulate_Genotypes/4PopSplit/V1/C2/genos-test_common.psam, output/Simulate_Phenotypes/4PopSplit/V1/C2/genos-gwas_common.effects.txt, output/Simulate_Genotypes/4PopSplit/V1/C2/genos-test_common.afreq
    output: output/PRS/4PopSplit/V1/C2/genos-test_common.true.sscore
    jobid: 4
    wildcards: model=4PopSplit, rep=V1, config=C2


        plink2         --pfile output/Simulate_Genotypes/4PopSplit/V1/C2/genos-test_common         --read-freq output/Simulate_Genotypes/4PopSplit/V1/C2/genos-test_common.afreq         --score output/Simulate_Phenotypes/4PopSplit/V1/C2/genos-gwas_common.effects.txt cols=dosagesum,scoresums         --out output/PRS/4PopSplit/V1/C2/genos-test_common.true         
Submitted job 4 with external jobid 'Submitted batch job 8585312'.

[Wed Jan 27 21:09:16 2021]
rule simulatate_phenotype_4PopSplit:
    input: output/Simulate_Phenotypes/4PopSplit/V1/C1/genos-gwas_common.gvalue.sscore, output/Simulate_Genotypes/4PopSplit/V1/genos.pop
    output: output/Simulate_Phenotypes/4PopSplit/V1/C1/genos-gwas_common.phenos.txt
    jobid: 24
    wildcards: model=4PopSplit, rep=V1, config=C1

Rscript code/Simulate_Phenotypes/simulate_phenotype_4PopSplit.R output/Simulate_Phenotypes/4PopSplit/V1/C1/genos-gwas_common.gvalue.sscore output/Simulate_Genotypes/4PopSplit/V1/genos.pop output/Simulate_Phenotypes/4PopSplit/V1/C1/genos-gwas_common.phenos.txt 0.8 12
Submitted job 24 with external jobid 'Submitted batch job 8585313'.

[Wed Jan 27 21:09:16 2021]
rule simulatate_phenotype_4PopSplit:
    input: output/Simulate_Phenotypes/4PopSplit/V1/C2/genos-gwas_common.gvalue.sscore, output/Simulate_Genotypes/4PopSplit/V1/genos.pop
    output: output/Simulate_Phenotypes/4PopSplit/V1/C2/genos-gwas_common.phenos.txt
    jobid: 26
    wildcards: model=4PopSplit, rep=V1, config=C2

Rscript code/Simulate_Phenotypes/simulate_phenotype_4PopSplit.R output/Simulate_Phenotypes/4PopSplit/V1/C2/genos-gwas_common.gvalue.sscore output/Simulate_Genotypes/4PopSplit/V1/genos.pop output/Simulate_Phenotypes/4PopSplit/V1/C2/genos-gwas_common.phenos.txt 0.8 12
Submitted job 26 with external jobid 'Submitted batch job 8585314'.

[Wed Jan 27 21:09:17 2021]
rule gwas_no_correction:
    input: output/Simulate_Genotypes/4PopSplit/V1/C1/genos-gwas_common.psam, output/Simulate_Genotypes/4PopSplit/V1/C1/genos-gwas_common.afreq, output/Simulate_Phenotypes/4PopSplit/V1/C1/genos-gwas_common.phenos.txt
    output: output/Run_GWAS/4PopSplit/V1/C1/genos-gwas_common.pheno_random.glm.linear, output/Run_GWAS/4PopSplit/V1/C1/genos-gwas_common.pheno_strat.glm.linear
    jobid: 15
    wildcards: model=4PopSplit, rep=V1, config=C1

plink2         --pfile output/Simulate_Genotypes/4PopSplit/V1/C1/genos-gwas_common         --read-freq output/Simulate_Genotypes/4PopSplit/V1/C1/genos-gwas_common.afreq         --glm allow-no-covars         --pheno output/Simulate_Phenotypes/4PopSplit/V1/C1/genos-gwas_common.phenos.txt         --pheno-name pheno_random,pheno_strat         --out output/Run_GWAS/4PopSplit/V1/C1/genos-gwas_common
Submitted job 15 with external jobid 'Submitted batch job 8585315'.

[Wed Jan 27 21:09:17 2021]
rule gwas_no_correction:
    input: output/Simulate_Genotypes/4PopSplit/V1/C2/genos-gwas_common.psam, output/Simulate_Genotypes/4PopSplit/V1/C2/genos-gwas_common.afreq, output/Simulate_Phenotypes/4PopSplit/V1/C2/genos-gwas_common.phenos.txt
    output: output/Run_GWAS/4PopSplit/V1/C2/genos-gwas_common.pheno_random.glm.linear, output/Run_GWAS/4PopSplit/V1/C2/genos-gwas_common.pheno_strat.glm.linear
    jobid: 18
    wildcards: model=4PopSplit, rep=V1, config=C2

plink2         --pfile output/Simulate_Genotypes/4PopSplit/V1/C2/genos-gwas_common         --read-freq output/Simulate_Genotypes/4PopSplit/V1/C2/genos-gwas_common.afreq         --glm allow-no-covars         --pheno output/Simulate_Phenotypes/4PopSplit/V1/C2/genos-gwas_common.phenos.txt         --pheno-name pheno_random,pheno_strat         --out output/Run_GWAS/4PopSplit/V1/C2/genos-gwas_common
Submitted job 18 with external jobid 'Submitted batch job 8585316'.

[Wed Jan 27 21:09:17 2021]
rule pick_SNPS:
    input: output/Simulate_Phenotypes/4PopSplit/V1/C1/genos-gwas_common.effects.txt, output/Run_GWAS/4PopSplit/V1/C1/genos-gwas_common.pheno_random.glm.linear, output/Run_GWAS/4PopSplit/V1/C1/genos-gwas_common.pheno_strat.glm.linear
    output: output/PRS/4PopSplit/V1/C1/genos-gwas_common.c.betas, output/PRS/4PopSplit/V1/C1/genos-gwas_common.c.p.betas, output/PRS/4PopSplit/V1/C1/genos-gwas_common.nc.betas
    jobid: 6
    wildcards: model=4PopSplit, rep=V1, config=C1

Rscript code/PRS/clump.R output/Simulate_Phenotypes/4PopSplit/V1/C1/genos-gwas_common.effects.txt output/Run_GWAS/4PopSplit/V1/C1/genos-gwas_common 5e-4 output/PRS/4PopSplit/V1/C1/genos-gwas_common
Submitted job 6 with external jobid 'Submitted batch job 8585317'.

[Wed Jan 27 21:09:18 2021]
rule pick_SNPS:
    input: output/Simulate_Phenotypes/4PopSplit/V1/C2/genos-gwas_common.effects.txt, output/Run_GWAS/4PopSplit/V1/C2/genos-gwas_common.pheno_random.glm.linear, output/Run_GWAS/4PopSplit/V1/C2/genos-gwas_common.pheno_strat.glm.linear
    output: output/PRS/4PopSplit/V1/C2/genos-gwas_common.c.betas, output/PRS/4PopSplit/V1/C2/genos-gwas_common.c.p.betas, output/PRS/4PopSplit/V1/C2/genos-gwas_common.nc.betas
    jobid: 9
    wildcards: model=4PopSplit, rep=V1, config=C2

Rscript code/PRS/clump.R output/Simulate_Phenotypes/4PopSplit/V1/C2/genos-gwas_common.effects.txt output/Run_GWAS/4PopSplit/V1/C2/genos-gwas_common 5e-4 output/PRS/4PopSplit/V1/C2/genos-gwas_common
Submitted job 9 with external jobid 'Submitted batch job 8585319'.

[Wed Jan 27 21:09:18 2021]
rule calc_prs:
    input: output/Simulate_Genotypes/4PopSplit/V1/C2/genos-test_common.psam, output/PRS/4PopSplit/V1/C2/genos-gwas_common.c.betas, output/PRS/4PopSplit/V1/C2/genos-gwas_common.c.p.betas, output/PRS/4PopSplit/V1/C2/genos-gwas_common.nc.betas, output/Simulate_Genotypes/4PopSplit/V1/C2/genos-test_common.afreq
    output: output/PRS/4PopSplit/V1/C2/genos-test_common.c.sscore, output/PRS/4PopSplit/V1/C2/genos-test_common.c.p.sscore, output/PRS/4PopSplit/V1/C2/genos-test_common.nc.sscore
    jobid: 2
    wildcards: model=4PopSplit, rep=V1, config=C2


        plink2         --pfile output/Simulate_Genotypes/4PopSplit/V1/C2/genos-test_common         --read-freq output/Simulate_Genotypes/4PopSplit/V1/C2/genos-test_common.afreq         --score output/PRS/4PopSplit/V1/C2/genos-gwas_common.c.betas cols=dosagesum,scoresums         --out output/PRS/4PopSplit/V1/C2/genos-test_common.c         --score-col-nums 3,4

        plink2         --pfile output/Simulate_Genotypes/4PopSplit/V1/C2/genos-test_common         --read-freq output/Simulate_Genotypes/4PopSplit/V1/C2/genos-test_common.afreq         --score output/PRS/4PopSplit/V1/C2/genos-gwas_common.c.p.betas cols=dosagesum,scoresums         --out output/PRS/4PopSplit/V1/C2/genos-test_common.c.p         --score-col-nums 3,4

        plink2         --pfile output/Simulate_Genotypes/4PopSplit/V1/C2/genos-test_common         --read-freq output/Simulate_Genotypes/4PopSplit/V1/C2/genos-test_common.afreq         --score output/PRS/4PopSplit/V1/C2/genos-gwas_common.nc.betas cols=dosagesum,scoresums         --out output/PRS/4PopSplit/V1/C2/genos-test_common.nc         --score-col-nums 3,4
        
Submitted job 2 with external jobid 'Submitted batch job 8585320'.

[Wed Jan 27 21:09:18 2021]
rule calc_prs:
    input: output/Simulate_Genotypes/4PopSplit/V1/C1/genos-test_common.psam, output/PRS/4PopSplit/V1/C1/genos-gwas_common.c.betas, output/PRS/4PopSplit/V1/C1/genos-gwas_common.c.p.betas, output/PRS/4PopSplit/V1/C1/genos-gwas_common.nc.betas, output/Simulate_Genotypes/4PopSplit/V1/C1/genos-test_common.afreq
    output: output/PRS/4PopSplit/V1/C1/genos-test_common.c.sscore, output/PRS/4PopSplit/V1/C1/genos-test_common.c.p.sscore, output/PRS/4PopSplit/V1/C1/genos-test_common.nc.sscore
    jobid: 1
    wildcards: model=4PopSplit, rep=V1, config=C1


        plink2         --pfile output/Simulate_Genotypes/4PopSplit/V1/C1/genos-test_common         --read-freq output/Simulate_Genotypes/4PopSplit/V1/C1/genos-test_common.afreq         --score output/PRS/4PopSplit/V1/C1/genos-gwas_common.c.betas cols=dosagesum,scoresums         --out output/PRS/4PopSplit/V1/C1/genos-test_common.c         --score-col-nums 3,4

        plink2         --pfile output/Simulate_Genotypes/4PopSplit/V1/C1/genos-test_common         --read-freq output/Simulate_Genotypes/4PopSplit/V1/C1/genos-test_common.afreq         --score output/PRS/4PopSplit/V1/C1/genos-gwas_common.c.p.betas cols=dosagesum,scoresums         --out output/PRS/4PopSplit/V1/C1/genos-test_common.c.p         --score-col-nums 3,4

        plink2         --pfile output/Simulate_Genotypes/4PopSplit/V1/C1/genos-test_common         --read-freq output/Simulate_Genotypes/4PopSplit/V1/C1/genos-test_common.afreq         --score output/PRS/4PopSplit/V1/C1/genos-gwas_common.nc.betas cols=dosagesum,scoresums         --out output/PRS/4PopSplit/V1/C1/genos-test_common.nc         --score-col-nums 3,4
        
Submitted job 1 with external jobid 'Submitted batch job 8585321'.

[Wed Jan 27 21:09:19 2021]
localrule all:
    input: output/PRS/4PopSplit/V1/C1/genos-test_common.c.p.sscore, output/PRS/4PopSplit/V1/C2/genos-test_common.c.p.sscore, output/PRS/4PopSplit/V1/C1/genos-test_common.true.sscore, output/PRS/4PopSplit/V1/C2/genos-test_common.true.sscore
    jobid: 0

Submitted job 0 with external jobid 'Submitted batch job 8585322'.
Complete log: /project2/jjberg/jgblanc/polygenic_adaptation_stratification/.snakemake/log/2021-01-27T210859.677313.snakemake.log
