PLINK v2.00a3 AVX2 (25 Feb 2020)
Options in effect:
  --glm
  --out ../code/Degug/gwas
  --pfile ../output/Simulate_Genotypes/4PopSplit/M1/C1/genos-gwas_common
  --pheno ../code/Degug/phenos.txt
  --pheno-name phenos
  --read-freq ../output/Simulate_Genotypes/4PopSplit/M1/C1/genos-gwas_common.afreq

Hostname: Jennifers-MacBook-Pro.local
Working directory: /Users/jenniferblanc/polygenic_adaptation_stratification/analysis
Start time: Tue May 18 15:01:41 2021

Random number seed: 1621368101
8192 MiB RAM detected; reserving 4096 MiB for main workspace.
Using up to 8 compute threads.
200 samples (0 females, 0 males, 200 ambiguous; 200 founders) loaded from
../output/Simulate_Genotypes/4PopSplit/M1/C1/genos-gwas_common.psam.
28070 variants loaded from
../output/Simulate_Genotypes/4PopSplit/M1/C1/genos-gwas_common.pvar.
1 quantitative phenotype loaded (200 values).
--read-freq: PLINK 2 --freq file detected.
--read-freq: Frequencies for 28070 variants loaded.
--glm linear regression on phenotype 'phenos': done.
Results written to ../code/Degug/gwas.phenos.glm.linear .

End time: Tue May 18 15:01:41 2021
